VERBOSE: Set messagelevel to: 4
VERBOSE: Starter initialization
VERBOSE: Check if we are running as setuid
VERBOSE: Drop root privileges
VERBOSE: Drop root privileges permanently
VERBOSE: Spawn stage 1
VERBOSE: Execute stage 1
VERBOSE: stage 1 exited with status 0
VERBOSE: Create user namespace
VERBOSE: Create pid namespace
VERBOSE: Spawn master process
VERBOSE: Get root privileges
VERBOSE: Create mount namespace
VERBOSE: Spawn RPC server
VERBOSE: Execute master process
VERBOSE: Serve RPC requests
VERBOSE: rpc server exited with status 0
VERBOSE: Execute stage 2
INFO:    Starting build...
INFO:    Verifying bootstrap image pytorch_2.5.0.sif
WARNING: integrity: signature not found for object group 1
WARNING: Bootstrap image could not be verified, but build will continue.
INFO:    Running setup scriptlet
INFO:    Running post scriptlet
+ cd /opt
+ git clone https://github.com/microsoft/Megatron-DeepSpeed
Cloning into 'Megatron-DeepSpeed'...
+ cd Megatron-DeepSpeed
+ cat
+ pip install --break-system-packages -r requirements.txt
DEPRECATION: Loading egg at /usr/local/lib/python3.12/dist-packages/pillow-11.1.0-py3.12-linux-aarch64.egg is deprecated. pip 24.3 will enforce this behaviour change. A possible replacement is to use pip for package installation.. Discussion can be found at https://github.com/pypa/pip/issues/12330
Collecting deepspeed (from -r requirements.txt (line 1))
  Downloading deepspeed-0.16.4.tar.gz (1.4 MB)
     ━━━━━━━━━━━━━━━━━━━━━━━━━━━━━━━━━━━━━━━━ 1.4/1.4 MB 25.6 MB/s eta 0:00:00
  Preparing metadata (setup.py): started
  Preparing metadata (setup.py): finished with status 'done'
Requirement already satisfied: ninja in /usr/local/lib/python3.12/dist-packages (from -r requirements.txt (line 2)) (1.11.1.3)
Requirement already satisfied: numpy in /usr/local/lib/python3.12/dist-packages (from -r requirements.txt (line 3)) (2.2.3)
Requirement already satisfied: packaging in /usr/local/lib/python3.12/dist-packages (from -r requirements.txt (line 4)) (24.2)
Collecting pybind11 (from -r requirements.txt (line 5))
  Downloading pybind11-2.13.6-py3-none-any.whl.metadata (9.5 kB)
Collecting regex (from -r requirements.txt (line 6))
  Downloading regex-2024.11.6-cp312-cp312-manylinux_2_17_aarch64.manylinux2014_aarch64.whl.metadata (40 kB)
     ━━━━━━━━━━━━━━━━━━━━━━━━━━━━━━━━━━━━━━━━ 40.5/40.5 kB 5.9 MB/s eta 0:00:00
Requirement already satisfied: six in /usr/local/lib/python3.12/dist-packages (from -r requirements.txt (line 7)) (1.17.0)
Collecting tensorboard (from -r requirements.txt (line 8))
  Downloading tensorboard-2.19.0-py3-none-any.whl.metadata (1.8 kB)
Requirement already satisfied: torch in /usr/local/lib/python3.12/dist-packages (from -r requirements.txt (line 9)) (2.5.0a0+git32f585d)
Collecting transformers (from -r requirements.txt (line 10))
  Downloading transformers-4.49.0-py3-none-any.whl.metadata (44 kB)
     ━━━━━━━━━━━━━━━━━━━━━━━━━━━━━━━━━━━━━━━━ 44.0/44.0 kB 6.5 MB/s eta 0:00:00
Collecting wandb (from -r requirements.txt (line 11))
  Downloading wandb-0.19.7-py3-none-manylinux_2_17_aarch64.manylinux2014_aarch64.whl.metadata (10 kB)
Requirement already satisfied: wheel in /usr/lib/python3/dist-packages (from -r requirements.txt (line 12)) (0.42.0)
Collecting mpi4py (from -r requirements.txt (line 13))
  Downloading mpi4py-4.0.3.tar.gz (466 kB)
     ━━━━━━━━━━━━━━━━━━━━━━━━━━━━━━━━━━━━━━ 466.3/466.3 kB 30.9 MB/s eta 0:00:00
  Installing build dependencies: started
  Installing build dependencies: finished with status 'done'
  Getting requirements to build wheel: started
  Getting requirements to build wheel: finished with status 'done'
  Installing backend dependencies: started
  Installing backend dependencies: finished with status 'done'
  Preparing metadata (pyproject.toml): started
  Preparing metadata (pyproject.toml): finished with status 'done'
Collecting einops (from deepspeed->-r requirements.txt (line 1))
  Downloading einops-0.8.1-py3-none-any.whl.metadata (13 kB)
Collecting hjson (from deepspeed->-r requirements.txt (line 1))
  Downloading hjson-3.1.0-py3-none-any.whl.metadata (2.6 kB)
Collecting msgpack (from deepspeed->-r requirements.txt (line 1))
  Downloading msgpack-1.1.0-cp312-cp312-manylinux_2_17_aarch64.manylinux2014_aarch64.whl.metadata (8.4 kB)
Requirement already satisfied: psutil in /usr/local/lib/python3.12/dist-packages (from deepspeed->-r requirements.txt (line 1)) (7.0.0)
Collecting py-cpuinfo (from deepspeed->-r requirements.txt (line 1))
  Downloading py_cpuinfo-9.0.0-py3-none-any.whl.metadata (794 bytes)
Collecting pydantic>=2.0.0 (from deepspeed->-r requirements.txt (line 1))
  Downloading pydantic-2.10.6-py3-none-any.whl.metadata (30 kB)
Collecting tqdm (from deepspeed->-r requirements.txt (line 1))
  Downloading tqdm-4.67.1-py3-none-any.whl.metadata (57 kB)
     ━━━━━━━━━━━━━━━━━━━━━━━━━━━━━━━━━━━━━━━━ 57.7/57.7 kB 9.8 MB/s eta 0:00:00
Collecting absl-py>=0.4 (from tensorboard->-r requirements.txt (line 8))
  Downloading absl_py-2.1.0-py3-none-any.whl.metadata (2.3 kB)
Collecting grpcio>=1.48.2 (from tensorboard->-r requirements.txt (line 8))
  Downloading grpcio-1.70.0-cp312-cp312-manylinux_2_17_aarch64.whl.metadata (3.9 kB)
Collecting markdown>=2.6.8 (from tensorboard->-r requirements.txt (line 8))
  Downloading Markdown-3.7-py3-none-any.whl.metadata (7.0 kB)
Collecting protobuf!=4.24.0,>=3.19.6 (from tensorboard->-r requirements.txt (line 8))
  Downloading protobuf-5.29.3-cp38-abi3-manylinux2014_aarch64.whl.metadata (592 bytes)
Requirement already satisfied: setuptools>=41.0.0 in /usr/lib/python3/dist-packages (from tensorboard->-r requirements.txt (line 8)) (68.1.2)
Collecting tensorboard-data-server<0.8.0,>=0.7.0 (from tensorboard->-r requirements.txt (line 8))
  Downloading tensorboard_data_server-0.7.2-py3-none-any.whl.metadata (1.1 kB)
Collecting werkzeug>=1.0.1 (from tensorboard->-r requirements.txt (line 8))
  Downloading werkzeug-3.1.3-py3-none-any.whl.metadata (3.7 kB)
Requirement already satisfied: filelock in /usr/local/lib/python3.12/dist-packages (from torch->-r requirements.txt (line 9)) (3.17.0)
Requirement already satisfied: fsspec in /usr/local/lib/python3.12/dist-packages (from torch->-r requirements.txt (line 9)) (2025.2.0)
Requirement already satisfied: jinja2 in /usr/local/lib/python3.12/dist-packages (from torch->-r requirements.txt (line 9)) (3.1.5)
Requirement already satisfied: networkx in /usr/local/lib/python3.12/dist-packages (from torch->-r requirements.txt (line 9)) (3.4.2)
Requirement already satisfied: typing-extensions>=4.8.0 in /usr/local/lib/python3.12/dist-packages (from torch->-r requirements.txt (line 9)) (4.12.2)
Requirement already satisfied: sympy==1.13.1 in /usr/local/lib/python3.12/dist-packages (from torch->-r requirements.txt (line 9)) (1.13.1)
Requirement already satisfied: mpmath<1.4,>=1.1.0 in /usr/local/lib/python3.12/dist-packages (from sympy==1.13.1->torch->-r requirements.txt (line 9)) (1.3.0)
Collecting huggingface-hub<1.0,>=0.26.0 (from transformers->-r requirements.txt (line 10))
  Downloading huggingface_hub-0.29.1-py3-none-any.whl.metadata (13 kB)
Requirement already satisfied: pyyaml>=5.1 in /usr/local/lib/python3.12/dist-packages (from transformers->-r requirements.txt (line 10)) (6.0.2)
Requirement already satisfied: requests in /usr/local/lib/python3.12/dist-packages (from transformers->-r requirements.txt (line 10)) (2.32.3)
Collecting tokenizers<0.22,>=0.21 (from transformers->-r requirements.txt (line 10))
  Downloading tokenizers-0.21.0-cp39-abi3-manylinux_2_17_aarch64.manylinux2014_aarch64.whl.metadata (6.7 kB)
Collecting safetensors>=0.4.1 (from transformers->-r requirements.txt (line 10))
  Downloading safetensors-0.5.3-cp38-abi3-manylinux_2_17_aarch64.manylinux2014_aarch64.whl.metadata (3.8 kB)
Collecting click!=8.0.0,>=7.1 (from wandb->-r requirements.txt (line 11))
  Downloading click-8.1.8-py3-none-any.whl.metadata (2.3 kB)
Collecting docker-pycreds>=0.4.0 (from wandb->-r requirements.txt (line 11))
  Downloading docker_pycreds-0.4.0-py2.py3-none-any.whl.metadata (1.8 kB)
Collecting gitpython!=3.1.29,>=1.0.0 (from wandb->-r requirements.txt (line 11))
  Downloading GitPython-3.1.44-py3-none-any.whl.metadata (13 kB)
Collecting platformdirs (from wandb->-r requirements.txt (line 11))
  Downloading platformdirs-4.3.6-py3-none-any.whl.metadata (11 kB)
Collecting sentry-sdk>=2.0.0 (from wandb->-r requirements.txt (line 11))
  Downloading sentry_sdk-2.22.0-py2.py3-none-any.whl.metadata (10 kB)
Collecting setproctitle (from wandb->-r requirements.txt (line 11))
  Downloading setproctitle-1.3.5-cp312-cp312-manylinux_2_17_aarch64.manylinux2014_aarch64.whl.metadata (10 kB)
Collecting gitdb<5,>=4.0.1 (from gitpython!=3.1.29,>=1.0.0->wandb->-r requirements.txt (line 11))
  Downloading gitdb-4.0.12-py3-none-any.whl.metadata (1.2 kB)
Collecting annotated-types>=0.6.0 (from pydantic>=2.0.0->deepspeed->-r requirements.txt (line 1))
  Downloading annotated_types-0.7.0-py3-none-any.whl.metadata (15 kB)
Collecting pydantic-core==2.27.2 (from pydantic>=2.0.0->deepspeed->-r requirements.txt (line 1))
  Downloading pydantic_core-2.27.2-cp312-cp312-manylinux_2_17_aarch64.manylinux2014_aarch64.whl.metadata (6.6 kB)
Requirement already satisfied: charset-normalizer<4,>=2 in /usr/local/lib/python3.12/dist-packages (from requests->transformers->-r requirements.txt (line 10)) (3.4.1)
Requirement already satisfied: idna<4,>=2.5 in /usr/local/lib/python3.12/dist-packages (from requests->transformers->-r requirements.txt (line 10)) (3.10)
Requirement already satisfied: urllib3<3,>=1.21.1 in /usr/local/lib/python3.12/dist-packages (from requests->transformers->-r requirements.txt (line 10)) (2.3.0)
Requirement already satisfied: certifi>=2017.4.17 in /usr/local/lib/python3.12/dist-packages (from requests->transformers->-r requirements.txt (line 10)) (2025.1.31)
Requirement already satisfied: MarkupSafe>=2.1.1 in /usr/local/lib/python3.12/dist-packages (from werkzeug>=1.0.1->tensorboard->-r requirements.txt (line 8)) (3.0.2)
Collecting smmap<6,>=3.0.1 (from gitdb<5,>=4.0.1->gitpython!=3.1.29,>=1.0.0->wandb->-r requirements.txt (line 11))
  Downloading smmap-5.0.2-py3-none-any.whl.metadata (4.3 kB)
Downloading pybind11-2.13.6-py3-none-any.whl (243 kB)
   ━━━━━━━━━━━━━━━━━━━━━━━━━━━━━━━━━━━━━━━━ 243.3/243.3 kB 28.1 MB/s eta 0:00:00
Downloading regex-2024.11.6-cp312-cp312-manylinux_2_17_aarch64.manylinux2014_aarch64.whl (794 kB)
   ━━━━━━━━━━━━━━━━━━━━━━━━━━━━━━━━━━━━━━━━ 795.0/795.0 kB 46.5 MB/s eta 0:00:00
Downloading tensorboard-2.19.0-py3-none-any.whl (5.5 MB)
   ━━━━━━━━━━━━━━━━━━━━━━━━━━━━━━━━━━━━━━━━ 5.5/5.5 MB 97.5 MB/s eta 0:00:00
Downloading transformers-4.49.0-py3-none-any.whl (10.0 MB)
   ━━━━━━━━━━━━━━━━━━━━━━━━━━━━━━━━━━━━━━━━ 10.0/10.0 MB 154.0 MB/s eta 0:00:00
Downloading wandb-0.19.7-py3-none-manylinux_2_17_aarch64.manylinux2014_aarch64.whl (19.5 MB)
   ━━━━━━━━━━━━━━━━━━━━━━━━━━━━━━━━━━━━━━━━ 19.5/19.5 MB 111.6 MB/s eta 0:00:00
Downloading absl_py-2.1.0-py3-none-any.whl (133 kB)
   ━━━━━━━━━━━━━━━━━━━━━━━━━━━━━━━━━━━━━━━━ 133.7/133.7 kB 39.9 MB/s eta 0:00:00
Downloading click-8.1.8-py3-none-any.whl (98 kB)
   ━━━━━━━━━━━━━━━━━━━━━━━━━━━━━━━━━━━━━━━━ 98.2/98.2 kB 33.7 MB/s eta 0:00:00
Downloading docker_pycreds-0.4.0-py2.py3-none-any.whl (9.0 kB)
Downloading GitPython-3.1.44-py3-none-any.whl (207 kB)
   ━━━━━━━━━━━━━━━━━━━━━━━━━━━━━━━━━━━━━━━━ 207.6/207.6 kB 67.0 MB/s eta 0:00:00
Downloading grpcio-1.70.0-cp312-cp312-manylinux_2_17_aarch64.whl (5.7 MB)
   ━━━━━━━━━━━━━━━━━━━━━━━━━━━━━━━━━━━━━━━━ 5.7/5.7 MB 142.9 MB/s eta 0:00:00
Downloading huggingface_hub-0.29.1-py3-none-any.whl (468 kB)
   ━━━━━━━━━━━━━━━━━━━━━━━━━━━━━━━━━━━━━━━━ 468.0/468.0 kB 86.2 MB/s eta 0:00:00
Downloading Markdown-3.7-py3-none-any.whl (106 kB)
   ━━━━━━━━━━━━━━━━━━━━━━━━━━━━━━━━━━━━━━━━ 106.3/106.3 kB 34.8 MB/s eta 0:00:00
Downloading protobuf-5.29.3-cp38-abi3-manylinux2014_aarch64.whl (319 kB)
   ━━━━━━━━━━━━━━━━━━━━━━━━━━━━━━━━━━━━━━━━ 319.6/319.6 kB 68.9 MB/s eta 0:00:00
Downloading pydantic-2.10.6-py3-none-any.whl (431 kB)
   ━━━━━━━━━━━━━━━━━━━━━━━━━━━━━━━━━━━━━━━━ 431.7/431.7 kB 97.9 MB/s eta 0:00:00
Downloading pydantic_core-2.27.2-cp312-cp312-manylinux_2_17_aarch64.manylinux2014_aarch64.whl (1.8 MB)
   ━━━━━━━━━━━━━━━━━━━━━━━━━━━━━━━━━━━━━━━━ 1.8/1.8 MB 177.6 MB/s eta 0:00:00
Downloading safetensors-0.5.3-cp38-abi3-manylinux_2_17_aarch64.manylinux2014_aarch64.whl (459 kB)
   ━━━━━━━━━━━━━━━━━━━━━━━━━━━━━━━━━━━━━━━ 459.5/459.5 kB 115.7 MB/s eta 0:00:00
Downloading sentry_sdk-2.22.0-py2.py3-none-any.whl (325 kB)
   ━━━━━━━━━━━━━━━━━━━━━━━━━━━━━━━━━━━━━━━━ 325.8/325.8 kB 79.2 MB/s eta 0:00:00
Downloading tensorboard_data_server-0.7.2-py3-none-any.whl (2.4 kB)
Downloading tokenizers-0.21.0-cp39-abi3-manylinux_2_17_aarch64.manylinux2014_aarch64.whl (2.9 MB)
   ━━━━━━━━━━━━━━━━━━━━━━━━━━━━━━━━━━━━━━━━ 2.9/2.9 MB 154.0 MB/s eta 0:00:00
Downloading tqdm-4.67.1-py3-none-any.whl (78 kB)
   ━━━━━━━━━━━━━━━━━━━━━━━━━━━━━━━━━━━━━━━━ 78.5/78.5 kB 28.3 MB/s eta 0:00:00
Downloading werkzeug-3.1.3-py3-none-any.whl (224 kB)
   ━━━━━━━━━━━━━━━━━━━━━━━━━━━━━━━━━━━━━━━━ 224.5/224.5 kB 44.5 MB/s eta 0:00:00
Downloading einops-0.8.1-py3-none-any.whl (64 kB)
   ━━━━━━━━━━━━━━━━━━━━━━━━━━━━━━━━━━━━━━━━ 64.4/64.4 kB 16.5 MB/s eta 0:00:00
Downloading hjson-3.1.0-py3-none-any.whl (54 kB)
   ━━━━━━━━━━━━━━━━━━━━━━━━━━━━━━━━━━━━━━━━ 54.0/54.0 kB 6.9 MB/s eta 0:00:00
Downloading msgpack-1.1.0-cp312-cp312-manylinux_2_17_aarch64.manylinux2014_aarch64.whl (392 kB)
   ━━━━━━━━━━━━━━━━━━━━━━━━━━━━━━━━━━━━━━━━ 393.0/393.0 kB 36.6 MB/s eta 0:00:00
Downloading platformdirs-4.3.6-py3-none-any.whl (18 kB)
Downloading py_cpuinfo-9.0.0-py3-none-any.whl (22 kB)
Downloading setproctitle-1.3.5-cp312-cp312-manylinux_2_17_aarch64.manylinux2014_aarch64.whl (31 kB)
Downloading annotated_types-0.7.0-py3-none-any.whl (13 kB)
Downloading gitdb-4.0.12-py3-none-any.whl (62 kB)
   ━━━━━━━━━━━━━━━━━━━━━━━━━━━━━━━━━━━━━━━━ 62.8/62.8 kB 8.0 MB/s eta 0:00:00
Downloading smmap-5.0.2-py3-none-any.whl (24 kB)
Building wheels for collected packages: deepspeed, mpi4py
  Building wheel for deepspeed (setup.py): started
  Building wheel for deepspeed (setup.py): finished with status 'done'
  Created wheel for deepspeed: filename=deepspeed-0.16.4-py3-none-any.whl size=1562520 sha256=db6d9049aa3180ebd4b627aed00484dad74d522055766f9bf2cd7f3dc2299854
  Stored in directory: /root/.cache/pip/wheels/df/4c/09/8ae983e56c326a108b2b9d8671823076456164405dcebe7cb0
  Building wheel for mpi4py (pyproject.toml): started
  Building wheel for mpi4py (pyproject.toml): still running...
  Building wheel for mpi4py (pyproject.toml): finished with status 'done'
  Created wheel for mpi4py: filename=mpi4py-4.0.3-cp312-cp312-linux_aarch64.whl size=5026050 sha256=62d11004cc7cc79299d2347a268d14f87f74449a6de209de74e106ec4b147610
  Stored in directory: /root/.cache/pip/wheels/10/44/e1/03c799a415ad873a19c5b830e6ae3c2ac6064dff0b9b2aeb7d
Successfully built deepspeed mpi4py
Installing collected packages: py-cpuinfo, hjson, werkzeug, tqdm, tensorboard-data-server, smmap, setproctitle, sentry-sdk, safetensors, regex, pydantic-core, pybind11, protobuf, platformdirs, msgpack, mpi4py, markdown, grpcio, einops, docker-pycreds, click, annotated-types, absl-py, tensorboard, pydantic, huggingface-hub, gitdb, tokenizers, gitpython, deepspeed, wandb, transformers
Successfully installed absl-py-2.1.0 annotated-types-0.7.0 click-8.1.8 deepspeed-0.16.4 docker-pycreds-0.4.0 einops-0.8.1 gitdb-4.0.12 gitpython-3.1.44 grpcio-1.70.0 hjson-3.1.0 huggingface-hub-0.29.1 markdown-3.7 mpi4py-4.0.3 msgpack-1.1.0 platformdirs-4.3.6 protobuf-5.29.3 py-cpuinfo-9.0.0 pybind11-2.13.6 pydantic-2.10.6 pydantic-core-2.27.2 regex-2024.11.6 safetensors-0.5.3 sentry-sdk-2.22.0 setproctitle-1.3.5 smmap-5.0.2 tensorboard-2.19.0 tensorboard-data-server-0.7.2 tokenizers-0.21.0 tqdm-4.67.1 transformers-4.49.0 wandb-0.19.7 werkzeug-3.1.3
WARNING: Running pip as the 'root' user can result in broken permissions and conflicting behaviour with the system package manager. It is recommended to use a virtual environment instead: https://pip.pypa.io/warnings/venv
+ pip list
DEPRECATION: Loading egg at /usr/local/lib/python3.12/dist-packages/pillow-11.1.0-py3.12-linux-aarch64.egg is deprecated. pip 24.3 will enforce this behaviour change. A possible replacement is to use pip for package installation.. Discussion can be found at https://github.com/pypa/pip/issues/12330
Package                 Version            Editable project location
----------------------- ------------------ -------------------------
absl-py                 2.1.0
annotated-types         0.7.0
astunparse              1.6.3
attrs                   25.1.0
certifi                 2025.1.31
charset-normalizer      3.4.1
click                   8.1.8
deepspeed               0.16.4
docker-pycreds          0.4.0
einops                  0.8.1
expecttest              0.3.0
filelock                3.17.0
fsspec                  2025.2.0
gitdb                   4.0.12
GitPython               3.1.44
grpcio                  1.70.0
hjson                   3.1.0
huggingface-hub         0.29.1
hypothesis              6.127.2
idna                    3.10
Jinja2                  3.1.5
lintrunner              0.12.7
Markdown                3.7
MarkupSafe              3.0.2
mpi4py                  4.0.3
mpmath                  1.3.0
msgpack                 1.1.0
networkx                3.4.2
ninja                   1.11.1.3
numpy                   2.2.3
optree                  0.14.0
packaging               24.2
pillow                  11.1.0
pillow                  11.1.0
pip                     24.0
pkgconfig               1.5.5
platformdirs            4.3.6
protobuf                5.29.3
psutil                  7.0.0
py-cpuinfo              9.0.0
pybind11                2.13.6
pydantic                2.10.6
pydantic_core           2.27.2
PyYAML                  6.0.2
regex                   2024.11.6
requests                2.32.3
safetensors             0.5.3
SCons                   4.8.1
sentry-sdk              2.22.0
setproctitle            1.3.5
setuptools              68.1.2
six                     1.17.0
smmap                   5.0.2
sortedcontainers        2.4.0
sympy                   1.13.1
tensorboard             2.19.0
tensorboard-data-server 0.7.2
tokenizers              0.21.0
torch                   2.5.0a0+git32f585d
torchaudio              2.6.0a0+c670ad8    /opt/audio/src
torchvision             0.22.0a0+7b2addf   /opt/vision
tqdm                    4.67.1
transformers            4.49.0
types-dataclasses       0.6.6
typing_extensions       4.12.2
urllib3                 2.3.0
wandb                   0.19.7
Werkzeug                3.1.3
wheel                   0.42.0
+ cd /opt/Megatron-DeepSpeed/megatron/data/
+ make
g++ -O3 -Wall -shared -std=c++11 -fPIC -fdiagnostics-color -I/usr/include/python3.12 -I/usr/local/lib/python3.12/dist-packages/pybind11/include helpers.cpp -o helpers.cpython-312-aarch64-linux-gnu.so
INFO:    Adding environment to container
INFO:    Adding runscript
INFO:    Creating SIF file...
VERBOSE: Set SIF container architecture to arm64
VERBOSE: Build complete: /lustre01/rccs-sdt/a01029/work/singularity/Megatron-DeepSpeed_acl/Megatron-DeepSpeed.sif
INFO:    Build complete: Megatron-DeepSpeed.sif
