INFO:    Starting build...
INFO:    Verifying bootstrap image gcc.sif
WARNING: integrity: signature not found for object group 1
WARNING: Bootstrap image could not be verified, but build will continue.
INFO:    Extracting local image...
INFO:    Inserting Singularity configuration...
INFO:    Running post scriptlet
+ . /opt/spack/share/spack/setup-env.sh
++ '[' -n '' ']'
++ export _sp_initializing=true
++ _sp_initializing=true
+++ _spack_determine_shell
+++ '[' -f /proc/293/exe ']'
++++ readlink /proc/293/exe
+++ _sp_exe=/usr/bin/bash
+++ basename /usr/bin/bash
+++ tr -d 0123456789
++ _sp_shell=bash
++ alias 'spacktivate=spack env activate'
++ '[' bash = bash ']'
++ _sp_source_file=/opt/spack/share/spack/setup-env.sh
++ '[' bash = zsh ']'
++++ dirname /opt/spack/share/spack/setup-env.sh
+++ cd /opt/spack/share/spack
+++ pwd
++ _sp_share_dir=/opt/spack/share/spack
+++++ dirname /opt/spack/share/spack
++++ dirname /opt/spack/share
+++ cd /opt/spack
+++ pwd
++ _sp_prefix=/opt/spack
++ '[' -x /opt/spack/bin/spack ']'
++ export SPACK_ROOT=/opt/spack
++ SPACK_ROOT=/opt/spack
++ _spack_pathadd PATH /opt/spack/bin
++ _pa_varname=PATH
++ _pa_new_path=PATH
++ '[' -n /opt/spack/bin ']'
++ _pa_varname=PATH
++ _pa_new_path=/opt/spack/bin
++ eval '_pa_oldvalue=${PATH:-}'
+++ _pa_oldvalue=/opt/spack/var/spack/environments/virtual_fugaku/.spack-env/view/bin:/opt/spack/opt/spack/linux-rocky9-icelake/gcc-8.5.0/gcc-14.1.0-h7eu5irlmqxdx3v67smsvqm5j6tbv6uy/bin:/opt/spack/opt/spack/linux-rocky9-icelake/gcc-8.5.0/binutils-2.43.1-mru4vnasglafq5d5dzkuog4h5yfnotxl/bin:/opt/spack/opt/spack/linux-rocky9-icelake/gcc-8.5.0/zstd-1.5.6-rhry4egwmhll3g5ikwpk32dr5nslton7/bin:/opt/spack/opt/spack/linux-rocky9-sapphirerapids/clang-18.1.8/gcc-8.5.0-oev3cnrzklfqjm62ldxsq5gjyi2gle3f/bin:/opt/spack/opt/spack/linux-rocky9-sapphirerapids/clang-18.1.8/binutils-2.43.1-ftiysbc2ow2i7nf44yical4cdg7hndzy/bin:/opt/spack/opt/spack/linux-rocky9-sapphirerapids/clang-18.1.8/zstd-1.5.6-ncx6voy2cer35t674p3tdaof42mmroiu/bin:/opt/spack/bin:/usr/local/sbin:/usr/local/bin:/usr/sbin:/usr/bin:/sbin:/bin
++ _pa_canonical=/opt/spack/var/spack/environments/virtual_fugaku/.spack-env/view/bin:/opt/spack/opt/spack/linux-rocky9-icelake/gcc-8.5.0/gcc-14.1.0-h7eu5irlmqxdx3v67smsvqm5j6tbv6uy/bin:/opt/spack/opt/spack/linux-rocky9-icelake/gcc-8.5.0/binutils-2.43.1-mru4vnasglafq5d5dzkuog4h5yfnotxl/bin:/opt/spack/opt/spack/linux-rocky9-icelake/gcc-8.5.0/zstd-1.5.6-rhry4egwmhll3g5ikwpk32dr5nslton7/bin:/opt/spack/opt/spack/linux-rocky9-sapphirerapids/clang-18.1.8/gcc-8.5.0-oev3cnrzklfqjm62ldxsq5gjyi2gle3f/bin:/opt/spack/opt/spack/linux-rocky9-sapphirerapids/clang-18.1.8/binutils-2.43.1-ftiysbc2ow2i7nf44yical4cdg7hndzy/bin:/opt/spack/opt/spack/linux-rocky9-sapphirerapids/clang-18.1.8/zstd-1.5.6-ncx6voy2cer35t674p3tdaof42mmroiu/bin:/opt/spack/bin:/usr/local/sbin:/usr/local/bin:/usr/sbin:/usr/bin:/sbin:/bin:
++ '[' -d /opt/spack/bin ']'
++ '[' /opt/spack/var/spack/environments/virtual_fugaku/.spack-env/view/bin:/opt/spack/opt/spack/linux-rocky9-icelake/gcc-8.5.0/gcc-14.1.0-h7eu5irlmqxdx3v67smsvqm5j6tbv6uy/bin:/opt/spack/opt/spack/linux-rocky9-icelake/gcc-8.5.0/binutils-2.43.1-mru4vnasglafq5d5dzkuog4h5yfnotxl/bin:/opt/spack/opt/spack/linux-rocky9-icelake/gcc-8.5.0/zstd-1.5.6-rhry4egwmhll3g5ikwpk32dr5nslton7/bin:/opt/spack/opt/spack/linux-rocky9-sapphirerapids/clang-18.1.8/gcc-8.5.0-oev3cnrzklfqjm62ldxsq5gjyi2gle3f/bin:/opt/spack/opt/spack/linux-rocky9-sapphirerapids/clang-18.1.8/binutils-2.43.1-ftiysbc2ow2i7nf44yical4cdg7hndzy/bin:/opt/spack/opt/spack/linux-rocky9-sapphirerapids/clang-18.1.8/zstd-1.5.6-ncx6voy2cer35t674p3tdaof42mmroiu/bin:/opt/spack/bin:/usr/local/sbin:/usr/local/bin:/usr/sbin:/usr/bin:/sbin:/bin: = /opt/spack/var/spack/environments/virtual_fugaku/.spack-env/view/bin:/opt/spack/opt/spack/linux-rocky9-icelake/gcc-8.5.0/gcc-14.1.0-h7eu5irlmqxdx3v67smsvqm5j6tbv6uy/bin:/opt/spack/opt/spack/linux-rocky9-icelake/gcc-8.5.0/binutils-2.43.1-mru4vnasglafq5d5dzkuog4h5yfnotxl/bin:/opt/spack/opt/spack/linux-rocky9-icelake/gcc-8.5.0/zstd-1.5.6-rhry4egwmhll3g5ikwpk32dr5nslton7/bin:/opt/spack/opt/spack/linux-rocky9-sapphirerapids/clang-18.1.8/gcc-8.5.0-oev3cnrzklfqjm62ldxsq5gjyi2gle3f/bin:/opt/spack/opt/spack/linux-rocky9-sapphirerapids/clang-18.1.8/binutils-2.43.1-ftiysbc2ow2i7nf44yical4cdg7hndzy/bin:/opt/spack/opt/spack/linux-rocky9-sapphirerapids/clang-18.1.8/zstd-1.5.6-ncx6voy2cer35t674p3tdaof42mmroiu/bin:/opt/spack/bin:/usr/local/sbin:/usr/local/bin:/usr/sbin:/usr/bin:/sbin:/bin: ']'
++ '[' -n /opt/spack/var/spack/environments/virtual_fugaku/.spack-env/view/bin:/opt/spack/opt/spack/linux-rocky9-icelake/gcc-8.5.0/gcc-14.1.0-h7eu5irlmqxdx3v67smsvqm5j6tbv6uy/bin:/opt/spack/opt/spack/linux-rocky9-icelake/gcc-8.5.0/binutils-2.43.1-mru4vnasglafq5d5dzkuog4h5yfnotxl/bin:/opt/spack/opt/spack/linux-rocky9-icelake/gcc-8.5.0/zstd-1.5.6-rhry4egwmhll3g5ikwpk32dr5nslton7/bin:/opt/spack/opt/spack/linux-rocky9-sapphirerapids/clang-18.1.8/gcc-8.5.0-oev3cnrzklfqjm62ldxsq5gjyi2gle3f/bin:/opt/spack/opt/spack/linux-rocky9-sapphirerapids/clang-18.1.8/binutils-2.43.1-ftiysbc2ow2i7nf44yical4cdg7hndzy/bin:/opt/spack/opt/spack/linux-rocky9-sapphirerapids/clang-18.1.8/zstd-1.5.6-ncx6voy2cer35t674p3tdaof42mmroiu/bin:/opt/spack/bin:/usr/local/sbin:/usr/local/bin:/usr/sbin:/usr/bin:/sbin:/bin ']'
++ eval 'export PATH="/opt/spack/bin:/opt/spack/var/spack/environments/virtual_fugaku/.spack-env/view/bin:/opt/spack/opt/spack/linux-rocky9-icelake/gcc-8.5.0/gcc-14.1.0-h7eu5irlmqxdx3v67smsvqm5j6tbv6uy/bin:/opt/spack/opt/spack/linux-rocky9-icelake/gcc-8.5.0/binutils-2.43.1-mru4vnasglafq5d5dzkuog4h5yfnotxl/bin:/opt/spack/opt/spack/linux-rocky9-icelake/gcc-8.5.0/zstd-1.5.6-rhry4egwmhll3g5ikwpk32dr5nslton7/bin:/opt/spack/opt/spack/linux-rocky9-sapphirerapids/clang-18.1.8/gcc-8.5.0-oev3cnrzklfqjm62ldxsq5gjyi2gle3f/bin:/opt/spack/opt/spack/linux-rocky9-sapphirerapids/clang-18.1.8/binutils-2.43.1-ftiysbc2ow2i7nf44yical4cdg7hndzy/bin:/opt/spack/opt/spack/linux-rocky9-sapphirerapids/clang-18.1.8/zstd-1.5.6-ncx6voy2cer35t674p3tdaof42mmroiu/bin:/opt/spack/bin:/usr/local/sbin:/usr/local/bin:/usr/sbin:/usr/bin:/sbin:/bin"'
+++ export PATH=/opt/spack/bin:/opt/spack/var/spack/environments/virtual_fugaku/.spack-env/view/bin:/opt/spack/opt/spack/linux-rocky9-icelake/gcc-8.5.0/gcc-14.1.0-h7eu5irlmqxdx3v67smsvqm5j6tbv6uy/bin:/opt/spack/opt/spack/linux-rocky9-icelake/gcc-8.5.0/binutils-2.43.1-mru4vnasglafq5d5dzkuog4h5yfnotxl/bin:/opt/spack/opt/spack/linux-rocky9-icelake/gcc-8.5.0/zstd-1.5.6-rhry4egwmhll3g5ikwpk32dr5nslton7/bin:/opt/spack/opt/spack/linux-rocky9-sapphirerapids/clang-18.1.8/gcc-8.5.0-oev3cnrzklfqjm62ldxsq5gjyi2gle3f/bin:/opt/spack/opt/spack/linux-rocky9-sapphirerapids/clang-18.1.8/binutils-2.43.1-ftiysbc2ow2i7nf44yical4cdg7hndzy/bin:/opt/spack/opt/spack/linux-rocky9-sapphirerapids/clang-18.1.8/zstd-1.5.6-ncx6voy2cer35t674p3tdaof42mmroiu/bin:/opt/spack/bin:/usr/local/sbin:/usr/local/bin:/usr/sbin:/usr/bin:/sbin:/bin
+++ PATH=/opt/spack/bin:/opt/spack/var/spack/environments/virtual_fugaku/.spack-env/view/bin:/opt/spack/opt/spack/linux-rocky9-icelake/gcc-8.5.0/gcc-14.1.0-h7eu5irlmqxdx3v67smsvqm5j6tbv6uy/bin:/opt/spack/opt/spack/linux-rocky9-icelake/gcc-8.5.0/binutils-2.43.1-mru4vnasglafq5d5dzkuog4h5yfnotxl/bin:/opt/spack/opt/spack/linux-rocky9-icelake/gcc-8.5.0/zstd-1.5.6-rhry4egwmhll3g5ikwpk32dr5nslton7/bin:/opt/spack/opt/spack/linux-rocky9-sapphirerapids/clang-18.1.8/gcc-8.5.0-oev3cnrzklfqjm62ldxsq5gjyi2gle3f/bin:/opt/spack/opt/spack/linux-rocky9-sapphirerapids/clang-18.1.8/binutils-2.43.1-ftiysbc2ow2i7nf44yical4cdg7hndzy/bin:/opt/spack/opt/spack/linux-rocky9-sapphirerapids/clang-18.1.8/zstd-1.5.6-ncx6voy2cer35t674p3tdaof42mmroiu/bin:/opt/spack/bin:/usr/local/sbin:/usr/local/bin:/usr/sbin:/usr/bin:/sbin:/bin
++ eval 'spack() {
    : this is a shell function from: /opt/spack/share/spack/setup-env.sh
    : the real spack script is here: /opt/spack/bin/spack
    _spack_shell_wrapper "$@"
    return $?
}'
++ '[' bash = bash ']'
++ export -f spack
++ export -f _spack_shell_wrapper
++ for cmd in "${SPACK_PYTHON:-}" python3 python python2
++ command -v ''
++ for cmd in "${SPACK_PYTHON:-}" python3 python python2
++ command -v python3
+++ command -v python3
++ export SPACK_PYTHON=/usr/bin/python3
++ SPACK_PYTHON=/usr/bin/python3
++ break
++ '[' -z '' ']'
++ need_module=no
++ _spack_fn_exists use
++ LANG=
++ type use
++ grep -q function
++ _spack_fn_exists module
++ LANG=
++ type module
++ grep -q function
++ need_module=yes
++ '[' yes = yes ']'
+++ spack --print-shell-vars sh,modules
+++ : this is a shell function from: /opt/spack/share/spack/setup-env.sh
+++ : the real spack script is here: /opt/spack/bin/spack
+++ _spack_shell_wrapper --print-shell-vars sh,modules
+++ for var in DYLD_LIBRARY_PATH DYLD_FALLBACK_LIBRARY_PATH
+++ eval 'if [ -n "${DYLD_LIBRARY_PATH-}" ]; then export SPACK_DYLD_LIBRARY_PATH=${DYLD_LIBRARY_PATH}; fi'
++++ '[' -n '' ']'
+++ for var in DYLD_LIBRARY_PATH DYLD_FALLBACK_LIBRARY_PATH
+++ eval 'if [ -n "${DYLD_FALLBACK_LIBRARY_PATH-}" ]; then export SPACK_DYLD_FALLBACK_LIBRARY_PATH=${DYLD_FALLBACK_LIBRARY_PATH}; fi'
++++ '[' -n '' ']'
+++ '[' -n '' ']'
+++ _sp_flags=
+++ '[' '!' -z x ']'
+++ '[' -print-shell-vars '!=' --print-shell-vars ']'
+++ _sp_flags=' --print-shell-vars'
+++ shift
+++ '[' '!' -z x ']'
+++ '[' sh,modules '!=' sh,modules ']'
+++ '[' -n ' --print-shell-vars' ']'
+++ '[' ell-vars '!=' ' --print-shell-vars' ']'
+++ command spack --print-shell-vars sh,modules
+++ return
+++ return 0
++ eval '_sp_sys_type='\''linux-rocky9-sapphirerapids'\''' '_sp_compatible_sys_types='\''linux-rocky9-sapphirerapids:linux-rocky9-icelake:linux-rocky9-cascadelake:linux-rocky9-cannonlake:linux-rocky9-skylake_avx512:linux-rocky9-skylake:linux-rocky9-x86_64_v4:linux-rocky9-broadwell:linux-rocky9-haswell:linux-rocky9-ivybridge:linux-rocky9-x86_64_v3:linux-rocky9-sandybridge:linux-rocky9-westmere:linux-rocky9-nehalem:linux-rocky9-core2:linux-rocky9-x86_64_v2:linux-rocky9-nocona:linux-rocky9-x86_64'\''' '_sp_tcl_roots='\''/opt/spack/share/spack/modules'\''' '_sp_lmod_roots='\''/opt/spack/share/spack/lmod'\''' '_sp_module_prefix='\''not_installed'\'''
+++ _sp_sys_type=linux-rocky9-sapphirerapids
+++ _sp_compatible_sys_types=linux-rocky9-sapphirerapids:linux-rocky9-icelake:linux-rocky9-cascadelake:linux-rocky9-cannonlake:linux-rocky9-skylake_avx512:linux-rocky9-skylake:linux-rocky9-x86_64_v4:linux-rocky9-broadwell:linux-rocky9-haswell:linux-rocky9-ivybridge:linux-rocky9-x86_64_v3:linux-rocky9-sandybridge:linux-rocky9-westmere:linux-rocky9-nehalem:linux-rocky9-core2:linux-rocky9-x86_64_v2:linux-rocky9-nocona:linux-rocky9-x86_64
+++ _sp_tcl_roots=/opt/spack/share/spack/modules
+++ _sp_lmod_roots=/opt/spack/share/spack/lmod
+++ _sp_module_prefix=not_installed
++ '[' not_installed '!=' not_installed ']'
++ _sp_multi_pathadd MODULEPATH /opt/spack/share/spack/modules
++ local IFS=:
++ '[' bash = zsh ']'
++ for pth in $2
++ for systype in ${_sp_compatible_sys_types}
++ _spack_pathadd MODULEPATH /opt/spack/share/spack/modules/linux-rocky9-sapphirerapids
++ _pa_varname=PATH
++ _pa_new_path=MODULEPATH
++ '[' -n /opt/spack/share/spack/modules/linux-rocky9-sapphirerapids ']'
++ _pa_varname=MODULEPATH
++ _pa_new_path=/opt/spack/share/spack/modules/linux-rocky9-sapphirerapids
++ eval '_pa_oldvalue=${MODULEPATH:-}'
+++ _pa_oldvalue=
++ _pa_canonical=:
++ '[' -d /opt/spack/share/spack/modules/linux-rocky9-sapphirerapids ']'
++ for systype in ${_sp_compatible_sys_types}
++ _spack_pathadd MODULEPATH /opt/spack/share/spack/modules/linux-rocky9-icelake
++ _pa_varname=PATH
++ _pa_new_path=MODULEPATH
++ '[' -n /opt/spack/share/spack/modules/linux-rocky9-icelake ']'
++ _pa_varname=MODULEPATH
++ _pa_new_path=/opt/spack/share/spack/modules/linux-rocky9-icelake
++ eval '_pa_oldvalue=${MODULEPATH:-}'
+++ _pa_oldvalue=
++ _pa_canonical=:
++ '[' -d /opt/spack/share/spack/modules/linux-rocky9-icelake ']'
++ for systype in ${_sp_compatible_sys_types}
++ _spack_pathadd MODULEPATH /opt/spack/share/spack/modules/linux-rocky9-cascadelake
++ _pa_varname=PATH
++ _pa_new_path=MODULEPATH
++ '[' -n /opt/spack/share/spack/modules/linux-rocky9-cascadelake ']'
++ _pa_varname=MODULEPATH
++ _pa_new_path=/opt/spack/share/spack/modules/linux-rocky9-cascadelake
++ eval '_pa_oldvalue=${MODULEPATH:-}'
+++ _pa_oldvalue=
++ _pa_canonical=:
++ '[' -d /opt/spack/share/spack/modules/linux-rocky9-cascadelake ']'
++ for systype in ${_sp_compatible_sys_types}
++ _spack_pathadd MODULEPATH /opt/spack/share/spack/modules/linux-rocky9-cannonlake
++ _pa_varname=PATH
++ _pa_new_path=MODULEPATH
++ '[' -n /opt/spack/share/spack/modules/linux-rocky9-cannonlake ']'
++ _pa_varname=MODULEPATH
++ _pa_new_path=/opt/spack/share/spack/modules/linux-rocky9-cannonlake
++ eval '_pa_oldvalue=${MODULEPATH:-}'
+++ _pa_oldvalue=
++ _pa_canonical=:
++ '[' -d /opt/spack/share/spack/modules/linux-rocky9-cannonlake ']'
++ for systype in ${_sp_compatible_sys_types}
++ _spack_pathadd MODULEPATH /opt/spack/share/spack/modules/linux-rocky9-skylake_avx512
++ _pa_varname=PATH
++ _pa_new_path=MODULEPATH
++ '[' -n /opt/spack/share/spack/modules/linux-rocky9-skylake_avx512 ']'
++ _pa_varname=MODULEPATH
++ _pa_new_path=/opt/spack/share/spack/modules/linux-rocky9-skylake_avx512
++ eval '_pa_oldvalue=${MODULEPATH:-}'
+++ _pa_oldvalue=
++ _pa_canonical=:
++ '[' -d /opt/spack/share/spack/modules/linux-rocky9-skylake_avx512 ']'
++ for systype in ${_sp_compatible_sys_types}
++ _spack_pathadd MODULEPATH /opt/spack/share/spack/modules/linux-rocky9-skylake
++ _pa_varname=PATH
++ _pa_new_path=MODULEPATH
++ '[' -n /opt/spack/share/spack/modules/linux-rocky9-skylake ']'
++ _pa_varname=MODULEPATH
++ _pa_new_path=/opt/spack/share/spack/modules/linux-rocky9-skylake
++ eval '_pa_oldvalue=${MODULEPATH:-}'
+++ _pa_oldvalue=
++ _pa_canonical=:
++ '[' -d /opt/spack/share/spack/modules/linux-rocky9-skylake ']'
++ for systype in ${_sp_compatible_sys_types}
++ _spack_pathadd MODULEPATH /opt/spack/share/spack/modules/linux-rocky9-x86_64_v4
++ _pa_varname=PATH
++ _pa_new_path=MODULEPATH
++ '[' -n /opt/spack/share/spack/modules/linux-rocky9-x86_64_v4 ']'
++ _pa_varname=MODULEPATH
++ _pa_new_path=/opt/spack/share/spack/modules/linux-rocky9-x86_64_v4
++ eval '_pa_oldvalue=${MODULEPATH:-}'
+++ _pa_oldvalue=
++ _pa_canonical=:
++ '[' -d /opt/spack/share/spack/modules/linux-rocky9-x86_64_v4 ']'
++ for systype in ${_sp_compatible_sys_types}
++ _spack_pathadd MODULEPATH /opt/spack/share/spack/modules/linux-rocky9-broadwell
++ _pa_varname=PATH
++ _pa_new_path=MODULEPATH
++ '[' -n /opt/spack/share/spack/modules/linux-rocky9-broadwell ']'
++ _pa_varname=MODULEPATH
++ _pa_new_path=/opt/spack/share/spack/modules/linux-rocky9-broadwell
++ eval '_pa_oldvalue=${MODULEPATH:-}'
+++ _pa_oldvalue=
++ _pa_canonical=:
++ '[' -d /opt/spack/share/spack/modules/linux-rocky9-broadwell ']'
++ for systype in ${_sp_compatible_sys_types}
++ _spack_pathadd MODULEPATH /opt/spack/share/spack/modules/linux-rocky9-haswell
++ _pa_varname=PATH
++ _pa_new_path=MODULEPATH
++ '[' -n /opt/spack/share/spack/modules/linux-rocky9-haswell ']'
++ _pa_varname=MODULEPATH
++ _pa_new_path=/opt/spack/share/spack/modules/linux-rocky9-haswell
++ eval '_pa_oldvalue=${MODULEPATH:-}'
+++ _pa_oldvalue=
++ _pa_canonical=:
++ '[' -d /opt/spack/share/spack/modules/linux-rocky9-haswell ']'
++ for systype in ${_sp_compatible_sys_types}
++ _spack_pathadd MODULEPATH /opt/spack/share/spack/modules/linux-rocky9-ivybridge
++ _pa_varname=PATH
++ _pa_new_path=MODULEPATH
++ '[' -n /opt/spack/share/spack/modules/linux-rocky9-ivybridge ']'
++ _pa_varname=MODULEPATH
++ _pa_new_path=/opt/spack/share/spack/modules/linux-rocky9-ivybridge
++ eval '_pa_oldvalue=${MODULEPATH:-}'
+++ _pa_oldvalue=
++ _pa_canonical=:
++ '[' -d /opt/spack/share/spack/modules/linux-rocky9-ivybridge ']'
++ for systype in ${_sp_compatible_sys_types}
++ _spack_pathadd MODULEPATH /opt/spack/share/spack/modules/linux-rocky9-x86_64_v3
++ _pa_varname=PATH
++ _pa_new_path=MODULEPATH
++ '[' -n /opt/spack/share/spack/modules/linux-rocky9-x86_64_v3 ']'
++ _pa_varname=MODULEPATH
++ _pa_new_path=/opt/spack/share/spack/modules/linux-rocky9-x86_64_v3
++ eval '_pa_oldvalue=${MODULEPATH:-}'
+++ _pa_oldvalue=
++ _pa_canonical=:
++ '[' -d /opt/spack/share/spack/modules/linux-rocky9-x86_64_v3 ']'
++ for systype in ${_sp_compatible_sys_types}
++ _spack_pathadd MODULEPATH /opt/spack/share/spack/modules/linux-rocky9-sandybridge
++ _pa_varname=PATH
++ _pa_new_path=MODULEPATH
++ '[' -n /opt/spack/share/spack/modules/linux-rocky9-sandybridge ']'
++ _pa_varname=MODULEPATH
++ _pa_new_path=/opt/spack/share/spack/modules/linux-rocky9-sandybridge
++ eval '_pa_oldvalue=${MODULEPATH:-}'
+++ _pa_oldvalue=
++ _pa_canonical=:
++ '[' -d /opt/spack/share/spack/modules/linux-rocky9-sandybridge ']'
++ for systype in ${_sp_compatible_sys_types}
++ _spack_pathadd MODULEPATH /opt/spack/share/spack/modules/linux-rocky9-westmere
++ _pa_varname=PATH
++ _pa_new_path=MODULEPATH
++ '[' -n /opt/spack/share/spack/modules/linux-rocky9-westmere ']'
++ _pa_varname=MODULEPATH
++ _pa_new_path=/opt/spack/share/spack/modules/linux-rocky9-westmere
++ eval '_pa_oldvalue=${MODULEPATH:-}'
+++ _pa_oldvalue=
++ _pa_canonical=:
++ '[' -d /opt/spack/share/spack/modules/linux-rocky9-westmere ']'
++ for systype in ${_sp_compatible_sys_types}
++ _spack_pathadd MODULEPATH /opt/spack/share/spack/modules/linux-rocky9-nehalem
++ _pa_varname=PATH
++ _pa_new_path=MODULEPATH
++ '[' -n /opt/spack/share/spack/modules/linux-rocky9-nehalem ']'
++ _pa_varname=MODULEPATH
++ _pa_new_path=/opt/spack/share/spack/modules/linux-rocky9-nehalem
++ eval '_pa_oldvalue=${MODULEPATH:-}'
+++ _pa_oldvalue=
++ _pa_canonical=:
++ '[' -d /opt/spack/share/spack/modules/linux-rocky9-nehalem ']'
++ for systype in ${_sp_compatible_sys_types}
++ _spack_pathadd MODULEPATH /opt/spack/share/spack/modules/linux-rocky9-core2
++ _pa_varname=PATH
++ _pa_new_path=MODULEPATH
++ '[' -n /opt/spack/share/spack/modules/linux-rocky9-core2 ']'
++ _pa_varname=MODULEPATH
++ _pa_new_path=/opt/spack/share/spack/modules/linux-rocky9-core2
++ eval '_pa_oldvalue=${MODULEPATH:-}'
+++ _pa_oldvalue=
++ _pa_canonical=:
++ '[' -d /opt/spack/share/spack/modules/linux-rocky9-core2 ']'
++ for systype in ${_sp_compatible_sys_types}
++ _spack_pathadd MODULEPATH /opt/spack/share/spack/modules/linux-rocky9-x86_64_v2
++ _pa_varname=PATH
++ _pa_new_path=MODULEPATH
++ '[' -n /opt/spack/share/spack/modules/linux-rocky9-x86_64_v2 ']'
++ _pa_varname=MODULEPATH
++ _pa_new_path=/opt/spack/share/spack/modules/linux-rocky9-x86_64_v2
++ eval '_pa_oldvalue=${MODULEPATH:-}'
+++ _pa_oldvalue=
++ _pa_canonical=:
++ '[' -d /opt/spack/share/spack/modules/linux-rocky9-x86_64_v2 ']'
++ for systype in ${_sp_compatible_sys_types}
++ _spack_pathadd MODULEPATH /opt/spack/share/spack/modules/linux-rocky9-nocona
++ _pa_varname=PATH
++ _pa_new_path=MODULEPATH
++ '[' -n /opt/spack/share/spack/modules/linux-rocky9-nocona ']'
++ _pa_varname=MODULEPATH
++ _pa_new_path=/opt/spack/share/spack/modules/linux-rocky9-nocona
++ eval '_pa_oldvalue=${MODULEPATH:-}'
+++ _pa_oldvalue=
++ _pa_canonical=:
++ '[' -d /opt/spack/share/spack/modules/linux-rocky9-nocona ']'
++ for systype in ${_sp_compatible_sys_types}
++ _spack_pathadd MODULEPATH /opt/spack/share/spack/modules/linux-rocky9-x86_64
++ _pa_varname=PATH
++ _pa_new_path=MODULEPATH
++ '[' -n /opt/spack/share/spack/modules/linux-rocky9-x86_64 ']'
++ _pa_varname=MODULEPATH
++ _pa_new_path=/opt/spack/share/spack/modules/linux-rocky9-x86_64
++ eval '_pa_oldvalue=${MODULEPATH:-}'
+++ _pa_oldvalue=
++ _pa_canonical=:
++ '[' -d /opt/spack/share/spack/modules/linux-rocky9-x86_64 ']'
++ test bash = bash
++ source /opt/spack/share/spack/spack-completion.bash
+++ test -n ''
+++ complete -o bashdefault -o default -F _bash_completion_spack spack
+++ complete -o bashdefault -o default -F _bash_completion_spack spacktivate
+++ SPACK_ALIASES='concretise:concretize;containerise:containerize;rm:remove'
++ unset _sp_initializing
++ export _sp_initializing
+ spack -e virtual_fugaku install -j 32 --add glow
+ : this is a shell function from: /opt/spack/share/spack/setup-env.sh
+ : the real spack script is here: /opt/spack/bin/spack
+ _spack_shell_wrapper -e virtual_fugaku install -j 32 --add glow
+ for var in DYLD_LIBRARY_PATH DYLD_FALLBACK_LIBRARY_PATH
+ eval 'if [ -n "${DYLD_LIBRARY_PATH-}" ]; then export SPACK_DYLD_LIBRARY_PATH=${DYLD_LIBRARY_PATH}; fi'
++ '[' -n '' ']'
+ for var in DYLD_LIBRARY_PATH DYLD_FALLBACK_LIBRARY_PATH
+ eval 'if [ -n "${DYLD_FALLBACK_LIBRARY_PATH-}" ]; then export SPACK_DYLD_FALLBACK_LIBRARY_PATH=${DYLD_FALLBACK_LIBRARY_PATH}; fi'
++ '[' -n '' ']'
+ '[' -n '' ']'
+ _sp_flags=
+ '[' '!' -z x ']'
+ '[' e '!=' -e ']'
+ _sp_flags=' -e'
+ shift
+ '[' '!' -z x ']'
+ '[' virtual_fugaku '!=' virtual_fugaku ']'
+ '[' -n ' -e' ']'
+ '[' ' -e' '!=' ' -e' ']'
+ '[' ' -e' '!=' ' -e' ']'
+ _sp_subcommand=
+ '[' '!' -z x ']'
+ _sp_subcommand=virtual_fugaku
+ shift
+ case $_sp_subcommand in
+ command spack -e virtual_fugaku install -j 32 --add glow
==> Concretized 1 spec
 -   ucocdpz  glow@1.5.1%gcc@14.1.0 build_system=go arch=linux-rocky9-sapphirerapids
[+]  3rvtixr      ^gcc-runtime@14.1.0%gcc@14.1.0 build_system=generic arch=linux-rocky9-sapphirerapids
[e]  2d7xss3      ^glibc@2.34%gcc@14.1.0 build_system=autotools arch=linux-rocky9-sapphirerapids
 -   3m7xxx5      ^go@1.23.3%gcc@14.1.0 build_system=generic arch=linux-rocky9-sapphirerapids
 -   6sys6es          ^bash@5.2%gcc@14.1.0 build_system=autotools patches=094b4fd,155853b,1c48cec,2500a3f,2fb107c,325c268,3882772,3ef9246,45cc5e1,4641dd4,5138f48,6a090cd,6b4bd92,78b5230,831b5f2,8334b88,96ee1f5,9715344,af90550,b6fc252,c7705e0,d1e0566,ece0eb5,ef73905,f42f2fe,f95a817 arch=linux-rocky9-sapphirerapids
[+]  o4bk6xp              ^gettext@0.22.5%clang@18.1.8+bzip2+curses+git~libunistring+libxml2+pic+shared+tar+xz build_system=autotools arch=linux-rocky9-sapphirerapids
[+]  l3jzxmp                  ^bzip2@1.0.8%clang@18.1.8~debug~pic+shared build_system=generic arch=linux-rocky9-sapphirerapids
[-]  5rtpzk2                      ^diffutils@3.10%clang@18.1.8 build_system=autotools arch=linux-rocky9-sapphirerapids
[e]  pz3qitd                  ^glibc@2.34%clang@18.1.8 build_system=autotools arch=linux-rocky9-sapphirerapids
[+]  cctkgs3                  ^libxml2@2.13.4%clang@18.1.8+pic~python+shared build_system=autotools arch=linux-rocky9-sapphirerapids
[+]  oesodca                      ^zlib-ng@2.2.1%clang@18.1.8+compat+new_strategies+opt+pic+shared build_system=autotools arch=linux-rocky9-sapphirerapids
[+]  pkxdasp                  ^tar@1.34%clang@18.1.8 build_system=autotools zip=pigz arch=linux-rocky9-sapphirerapids
[+]  lsc4nk6                      ^pigz@2.8%clang@18.1.8 build_system=makefile arch=linux-rocky9-sapphirerapids
[+]  ncx6voy                      ^zstd@1.5.6%clang@18.1.8+programs build_system=makefile compression=none libs=shared,static arch=linux-rocky9-sapphirerapids
[+]  t5nbhol                  ^xz@5.4.6%clang@18.1.8~pic build_system=autotools libs=shared,static arch=linux-rocky9-sapphirerapids
[-]  hoj3flg              ^gmake@4.4.1%clang@18.1.8~guile build_system=generic arch=linux-rocky9-sapphirerapids
[+]  ic2itdy              ^libiconv@1.17%clang@18.1.8 build_system=autotools libs=shared,static arch=linux-rocky9-sapphirerapids
[+]  luctbd7              ^ncurses@6.5%clang@18.1.8~symlinks+termlib abi=none build_system=autotools patches=7a351bc arch=linux-rocky9-sapphirerapids
[-]  mb5ln4l                  ^pkgconf@2.2.0%clang@18.1.8 build_system=autotools arch=linux-rocky9-sapphirerapids
[-]  po3j6ur              ^readline@8.2%clang@18.1.8 build_system=autotools patches=bbf97f1 arch=linux-rocky9-sapphirerapids
 -   3p2rgg6          ^go-bootstrap@1.20.6%gcc@14.1.0 build_system=generic arch=linux-rocky9-sapphirerapids
 -   7e67t6k          ^grep@3.11%gcc@14.1.0~pcre build_system=autotools arch=linux-rocky9-sapphirerapids
 -   np2ztvf          ^sed@4.9%gcc@14.1.0 build_system=autotools arch=linux-rocky9-sapphirerapids

[+] /usr (external glibc-2.34-2d7xss3m2hdqroywpcd3ppkkw6wahh34)
[+] /usr (external glibc-2.34-pz3qitd6bphqulczt33ffvnef4rlhjo6)
[+] /opt/spack/opt/spack/linux-rocky9-sapphirerapids/gcc-14.1.0/gcc-runtime-14.1.0-3rvtixrfkt5acllodl7w7yoykt4jtef3
[+] /opt/spack/opt/spack/linux-rocky9-sapphirerapids/clang-18.1.8/zstd-1.5.6-ncx6voy2cer35t674p3tdaof42mmroiu
[+] /opt/spack/opt/spack/linux-rocky9-sapphirerapids/clang-18.1.8/zlib-ng-2.2.1-oesodcavztw5pacpsixpxsrlx4mmfbfm
[+] /opt/spack/opt/spack/linux-rocky9-sapphirerapids/clang-18.1.8/bzip2-1.0.8-l3jzxmputt27ml4f5fgc5wmiwn2driby
[+] /opt/spack/opt/spack/linux-rocky9-sapphirerapids/clang-18.1.8/xz-5.4.6-t5nbholwko22osqygyqdgvopjvipqpkl
[+] /opt/spack/opt/spack/linux-rocky9-sapphirerapids/clang-18.1.8/libiconv-1.17-ic2itdypdop4anfzhnamlxgvinr7bor4
==> Installing gmake-4.4.1-hoj3flgioov2nlxaqimuvjxdccxzv7w5 [9/39]
==> No binary for gmake-4.4.1-hoj3flgioov2nlxaqimuvjxdccxzv7w5 found: installing from source
==> Fetching https://mirror.spack.io/_source-cache/archive/dd/dd16fb1d67bfab79a72f5e8390735c49e3e8e70b4945a15ab1f81ddb78658fb3.tar.gz
==> No patches needed for gmake
==> gmake: Executing phase: 'install'
==> gmake: Successfully installed gmake-4.4.1-hoj3flgioov2nlxaqimuvjxdccxzv7w5
  Stage: 1.07s.  Install: 9.56s.  Post-install: 0.01s.  Total: 10.67s
[+] /opt/spack/opt/spack/linux-rocky9-sapphirerapids/clang-18.1.8/gmake-4.4.1-hoj3flgioov2nlxaqimuvjxdccxzv7w5
==> Installing go-bootstrap-1.20.6-3p2rgg63s4ko4aenokfnjytnbk2h23oc [10/39]
==> No binary for go-bootstrap-1.20.6-3p2rgg63s4ko4aenokfnjytnbk2h23oc found: installing from source
==> Fetching https://mirror.spack.io/_source-cache/archive/b9/b945ae2bb5db01a0fb4786afde64e6fbab50b67f6fa0eb6cfa4924f16a7ff1eb.tar.gz
==> No patches needed for go-bootstrap
==> go-bootstrap: Executing phase: 'install'
==> go-bootstrap: Successfully installed go-bootstrap-1.20.6-3p2rgg63s4ko4aenokfnjytnbk2h23oc
  Stage: 1.74s.  Install: 1.07s.  Post-install: 1.73s.  Total: 4.57s
[+] /opt/spack/opt/spack/linux-rocky9-sapphirerapids/gcc-14.1.0/go-bootstrap-1.20.6-3p2rgg63s4ko4aenokfnjytnbk2h23oc
[+] /opt/spack/opt/spack/linux-rocky9-sapphirerapids/gcc-14.1.0/gperftools-2.16-gefz6iah2howuosligggvx4s2ry2wnkg
[+] /opt/spack/opt/spack/linux-rocky9-sapphirerapids/gcc-14.1.0/libnl-3.3.0-v342qmvqdkd2opyprsbd6ad5putosror
[+] /opt/spack/opt/spack/linux-rocky9-sapphirerapids/gcc-14.1.0/openblas-0.3.28-w5yu73rbvwf7rqsj3fjirdhcnso2jdrq
[+] /opt/spack/opt/spack/linux-rocky9-sapphirerapids/gcc-14.1.0/ucx-1.17.0-mxtjqz45l3sz54chnddahibb63nllwpo
[+] /opt/spack/opt/spack/linux-rocky9-sapphirerapids/gcc-14.1.0/numactl-2.0.18-dumlicm7nphaobdnfk4buggffaya2pkd
[+] /opt/spack/opt/spack/linux-rocky9-sapphirerapids/gcc-14.1.0/libxcrypt-4.4.35-7f7jbopzx4sgpbmqgtsocmlwkak6hvte
[+] /opt/spack/opt/spack/linux-rocky9-sapphirerapids/gcc-14.1.0/libpciaccess-0.17-chn7rcbwp6pdgku24j3zfskvdnqv63qd
[+] /opt/spack/opt/spack/linux-rocky9-sapphirerapids/gcc-14.1.0/openssl-3.4.0-ftmwms3rjelv2r4pz3jl7zsczdsvorq2
[+] /opt/spack/opt/spack/linux-rocky9-sapphirerapids/clang-18.1.8/pigz-2.8-lsc4nk6oxblrr6f7jzstecneac6rf7cn
==> Installing sed-4.9-np2ztvfxl5s2fbcmxaxnidtuq66r2qwo [20/39]
==> No binary for sed-4.9-np2ztvfxl5s2fbcmxaxnidtuq66r2qwo found: installing from source
==> Fetching https://mirror.spack.io/_source-cache/archive/6e/6e226b732e1cd739464ad6862bd1a1aba42d7982922da7a53519631d24975181.tar.xz
==> No patches needed for sed
==> sed: Executing phase: 'autoreconf'
==> sed: Executing phase: 'configure'
==> sed: Executing phase: 'build'
==> sed: Executing phase: 'install'
==> sed: Successfully installed sed-4.9-np2ztvfxl5s2fbcmxaxnidtuq66r2qwo
  Stage: 0.25s.  Autoreconf: 0.00s.  Configure: 19.56s.  Build: 1.29s.  Install: 0.40s.  Post-install: 0.03s.  Total: 21.60s
[+] /opt/spack/opt/spack/linux-rocky9-sapphirerapids/gcc-14.1.0/sed-4.9-np2ztvfxl5s2fbcmxaxnidtuq66r2qwo
[+] /opt/spack/opt/spack/linux-rocky9-sapphirerapids/clang-18.1.8/libxml2-2.13.4-cctkgs3uip4fh7onsy4yof267tcaef4y
==> Installing grep-3.11-7e67t6ksizri3bedrshn2mo6mi7h7duz [22/39]
==> No binary for grep-3.11-7e67t6ksizri3bedrshn2mo6mi7h7duz found: installing from source
==> Fetching https://mirror.spack.io/_source-cache/archive/1d/1db2aedde89d0dea42b16d9528f894c8d15dae4e190b59aecc78f5a951276eab.tar.xz
==> No patches needed for grep
==> grep: Executing phase: 'autoreconf'
==> grep: Executing phase: 'configure'
==> grep: Executing phase: 'build'
==> grep: Executing phase: 'install'
==> grep: Successfully installed grep-3.11-7e67t6ksizri3bedrshn2mo6mi7h7duz
  Stage: 0.27s.  Autoreconf: 0.00s.  Configure: 21.22s.  Build: 1.96s.  Install: 0.47s.  Post-install: 0.04s.  Total: 24.02s
[+] /opt/spack/opt/spack/linux-rocky9-sapphirerapids/gcc-14.1.0/grep-3.11-7e67t6ksizri3bedrshn2mo6mi7h7duz
[+] /opt/spack/opt/spack/linux-rocky9-sapphirerapids/clang-18.1.8/ncurses-6.5-luctbd7v7v5uflsxqnplcbu7tau4l3hd
[+] /opt/spack/opt/spack/linux-rocky9-sapphirerapids/gcc-14.1.0/rdma-core-52.0-oix6jkk4w56eitvw64jhwqxeawmzgwhb
[+] /opt/spack/opt/spack/linux-rocky9-sapphirerapids/gcc-14.1.0/libevent-2.1.12-ggzw2flkpz6o2ap6432kspr3qzbg63td
[+] /opt/spack/opt/spack/linux-rocky9-sapphirerapids/clang-18.1.8/tar-1.34-pkxdaspu2rol5njhnverr6vuucqg6wk5
==> Installing readline-8.2-po3j6ur6dhxz6ojeig7u77q6nbslxyr2 [27/39]
==> No binary for readline-8.2-po3j6ur6dhxz6ojeig7u77q6nbslxyr2 found: installing from source
==> Fetching https://mirror.spack.io/_source-cache/archive/3f/3feb7171f16a84ee82ca18a36d7b9be109a52c04f492a053331d7d1095007c35.tar.gz
==> Fetching https://mirror.spack.io/_source-cache/archive/bb/bbf97f1ec40a929edab5aa81998c1e2ef435436c597754916e6a5868f273aff7
==> Applied patch https://ftpmirror.gnu.org/readline/readline-8.2-patches/readline82-001
==> readline: Executing phase: 'autoreconf'
==> readline: Executing phase: 'configure'
==> readline: Executing phase: 'build'
==> readline: Executing phase: 'install'
==> readline: Successfully installed readline-8.2-po3j6ur6dhxz6ojeig7u77q6nbslxyr2
  Stage: 0.35s.  Autoreconf: 0.00s.  Configure: 4.93s.  Build: 0.57s.  Install: 0.09s.  Post-install: 0.03s.  Total: 6.04s
[+] /opt/spack/opt/spack/linux-rocky9-sapphirerapids/clang-18.1.8/readline-8.2-po3j6ur6dhxz6ojeig7u77q6nbslxyr2
[+] /opt/spack/opt/spack/linux-rocky9-sapphirerapids/gcc-14.1.0/libedit-3.1-20240808-dncu5xt2k5jz76xuqhsygsq7alfkxcxx
[+] /opt/spack/opt/spack/linux-rocky9-sapphirerapids/gcc-14.1.0/hwloc-2.11.1-y4n4f7cjle3tyq66qmtdni3ubhcyimdk
[+] /opt/spack/opt/spack/linux-rocky9-sapphirerapids/gcc-14.1.0/libfabric-1.22.0-76zznhe26hy7xxvx7o7agfpp33hbexra
[+] /opt/spack/opt/spack/linux-rocky9-sapphirerapids/clang-18.1.8/gettext-0.22.5-o4bk6xpd5mjzco6mebdnj57yr22j2cjp
[+] /opt/spack/opt/spack/linux-rocky9-sapphirerapids/gcc-14.1.0/pmix-5.0.3-bnizk7iam3ybn4hvr56qjjoqib5nbi35
[+] /opt/spack/opt/spack/linux-rocky9-sapphirerapids/gcc-14.1.0/krb5-1.21.3-vgjpdo23ic6ijpgtkrtxhznsx2croayx
==> Installing bash-5.2-6sys6ess2xwgsererfppohbd2urqgq5q [34/39]
==> No binary for bash-5.2-6sys6ess2xwgsererfppohbd2urqgq5q found: installing from source
==> Fetching https://mirror.spack.io/_source-cache/archive/a1/a139c166df7ff4471c5e0733051642ee5556c1cc8a4a78f145583c5c81ab32fb.tar.gz
==> Fetching https://mirror.spack.io/_source-cache/archive/f4/f42f2fee923bc2209f406a1892772121c467f44533bedfe00a176139da5d310a
==> Fetching https://mirror.spack.io/_source-cache/archive/45/45cc5e1b876550eee96f95bffb36c41b6cb7c07d33f671db5634405cd00fd7b8
==> Fetching https://mirror.spack.io/_source-cache/archive/6a/6a090cdbd334306fceacd0e4a1b9e0b0678efdbbdedbd1f5842035990c8abaff
==> Fetching https://mirror.spack.io/_source-cache/archive/38/38827724bba908cf5721bd8d4e595d80f02c05c35f3dd7dbc4cd3c5678a42512
==> Fetching https://mirror.spack.io/_source-cache/archive/ec/ece0eb544368b3b4359fb8464caa9d89c7a6743c8ed070be1c7d599c3675d357
==> Fetching https://mirror.spack.io/_source-cache/archive/d1/d1e0566a257d149a0d99d450ce2885123f9995e9c01d0a5ef6df7044a72a468c
==> Fetching https://mirror.spack.io/_source-cache/archive/25/2500a3fc21cb08133f06648a017cebfa27f30ea19c8cbe8dfefdf16227cfd490
==> Fetching https://mirror.spack.io/_source-cache/archive/6b/6b4bd92fd0099d1bab436b941875e99e0cb3c320997587182d6267af1844b1e8
==> Fetching https://mirror.spack.io/_source-cache/archive/f9/f95a817882eaeb0cb78bce82859a86bbb297a308ced730ebe449cd504211d3cd
==> Fetching https://mirror.spack.io/_source-cache/archive/c7/c7705e029f752507310ecd7270aef437e8043a9959e4d0c6065a82517996c1cd
==> Fetching https://mirror.spack.io/_source-cache/archive/83/831b5f25bf3e88625f3ab315043be7498907c551f86041fa3b914123d79eb6f4
==> Fetching https://mirror.spack.io/_source-cache/archive/2f/2fb107ce1fb8e93f36997c8b0b2743fc1ca98a454c7cc5a3fcabec533f67d42c
==> Fetching https://mirror.spack.io/_source-cache/archive/09/094b4fd81bc488a26febba5d799689b64d52a5505b63e8ee854f48d356bc7ce6
==> Fetching https://mirror.spack.io/_source-cache/archive/3e/3ef9246f2906ef1e487a0a3f4c647ae1c289cbd8459caa7db5ce118ef136e624
==> Fetching https://mirror.spack.io/_source-cache/archive/ef/ef73905169db67399a728e238a9413e0d689462cb9b72ab17a05dba51221358a
==> Fetching https://mirror.spack.io/_source-cache/archive/15/155853bc5bd10e40a9bea369fb6f50a203a7d0358e9e32321be0d9fa21585915
==> Fetching https://mirror.spack.io/_source-cache/archive/1c/1c48cecbc9b7b4217990580203b7e1de19c4979d0bd2c0e310167df748df2c89
==> Fetching https://mirror.spack.io/_source-cache/archive/46/4641dd49dd923b454dd0a346277907090410f5d60a29a2de3b82c98e49aaaa80
==> Fetching https://mirror.spack.io/_source-cache/archive/32/325c26860ad4bba8558356c4ab914ac57e7b415dac6f5aae86b9b05ccb7ed282
==> Fetching https://mirror.spack.io/_source-cache/archive/b6/b6fc252aeb95ce67c9b017d29d81e8a5e285db4bf20d4ec8cdca35892be5c01d
==> Fetching https://mirror.spack.io/_source-cache/archive/83/8334b88117ad047598f23581aeb0c66c0248cdd77abc3b4e259133aa307650cd
==> Fetching https://mirror.spack.io/_source-cache/archive/78/78b5230a49594ec30811e72dcd0f56d1089710ec7828621022d08507aa57e470
==> Fetching https://mirror.spack.io/_source-cache/archive/af/af905502e2106c8510ba2085aa2b56e64830fc0fdf6ee67ebb459ac11696dcd3
==> Fetching https://mirror.spack.io/_source-cache/archive/97/971534490117eb05d97d7fd81f5f9d8daf927b4d581231844ffae485651b02c3
==> Fetching https://mirror.spack.io/_source-cache/archive/51/5138f487e7cf71a6323dc81d22419906f1535b89835cc2ff68847e1a35613075
==> Fetching https://mirror.spack.io/_source-cache/archive/96/96ee1f549aa0b530521e36bdc0ba7661602cfaee409f7023cac744dd42852eac
==> Applied patch https://ftpmirror.gnu.org/bash/bash-5.2-patches/bash52-001
==> Applied patch https://ftpmirror.gnu.org/bash/bash-5.2-patches/bash52-002
==> Applied patch https://ftpmirror.gnu.org/bash/bash-5.2-patches/bash52-003
==> Applied patch https://ftpmirror.gnu.org/bash/bash-5.2-patches/bash52-004
==> Applied patch https://ftpmirror.gnu.org/bash/bash-5.2-patches/bash52-005
==> Applied patch https://ftpmirror.gnu.org/bash/bash-5.2-patches/bash52-006
==> Applied patch https://ftpmirror.gnu.org/bash/bash-5.2-patches/bash52-007
==> Applied patch https://ftpmirror.gnu.org/bash/bash-5.2-patches/bash52-008
==> Applied patch https://ftpmirror.gnu.org/bash/bash-5.2-patches/bash52-009
==> Applied patch https://ftpmirror.gnu.org/bash/bash-5.2-patches/bash52-010
==> Applied patch https://ftpmirror.gnu.org/bash/bash-5.2-patches/bash52-011
==> Applied patch https://ftpmirror.gnu.org/bash/bash-5.2-patches/bash52-012
==> Applied patch https://ftpmirror.gnu.org/bash/bash-5.2-patches/bash52-013
==> Applied patch https://ftpmirror.gnu.org/bash/bash-5.2-patches/bash52-014
==> Applied patch https://ftpmirror.gnu.org/bash/bash-5.2-patches/bash52-015
==> Applied patch https://ftpmirror.gnu.org/bash/bash-5.2-patches/bash52-016
==> Applied patch https://ftpmirror.gnu.org/bash/bash-5.2-patches/bash52-017
==> Applied patch https://ftpmirror.gnu.org/bash/bash-5.2-patches/bash52-018
==> Applied patch https://ftpmirror.gnu.org/bash/bash-5.2-patches/bash52-019
==> Applied patch https://ftpmirror.gnu.org/bash/bash-5.2-patches/bash52-020
==> Applied patch https://ftpmirror.gnu.org/bash/bash-5.2-patches/bash52-021
==> Applied patch https://ftpmirror.gnu.org/bash/bash-5.2-patches/bash52-022
==> Applied patch https://ftpmirror.gnu.org/bash/bash-5.2-patches/bash52-023
==> Applied patch https://ftpmirror.gnu.org/bash/bash-5.2-patches/bash52-024
==> Applied patch https://ftpmirror.gnu.org/bash/bash-5.2-patches/bash52-025
==> Applied patch https://ftpmirror.gnu.org/bash/bash-5.2-patches/bash52-026
==> bash: Executing phase: 'autoreconf'
==> bash: Executing phase: 'configure'
==> bash: Executing phase: 'build'
==> bash: Executing phase: 'install'
==> bash: Successfully installed bash-5.2-6sys6ess2xwgsererfppohbd2urqgq5q
  Stage: 3.01s.  Autoreconf: 0.00s.  Configure: 18.75s.  Build: 3.49s.  Install: 0.69s.  Post-install: 0.08s.  Total: 26.11s
[+] /opt/spack/opt/spack/linux-rocky9-sapphirerapids/gcc-14.1.0/bash-5.2-6sys6ess2xwgsererfppohbd2urqgq5q
[+] /opt/spack/opt/spack/linux-rocky9-sapphirerapids/gcc-14.1.0/openssh-9.9p1-lgzp6clzjc3rmtor2vawoe7pbhgsy3hs
==> Installing go-1.23.3-3m7xxx5sz7isjuhk4udj3ntzjprzd6id [36/39]
==> No binary for go-1.23.3-3m7xxx5sz7isjuhk4udj3ntzjprzd6id found: installing from source
==> Fetching https://mirror.spack.io/_source-cache/archive/8d/8d6a77332487557c6afa2421131b50f83db4ae3c579c3bc72e670ee1f6968599.tar.gz
==> No patches needed for go
==> go: Executing phase: 'build'
==> go: Executing phase: 'install'
==> go: Successfully installed go-1.23.3-3m7xxx5sz7isjuhk4udj3ntzjprzd6id
  Stage: 0.77s.  Build: 43.22s.  Install: 1.22s.  Post-install: 1.90s.  Total: 47.17s
[+] /opt/spack/opt/spack/linux-rocky9-sapphirerapids/gcc-14.1.0/go-1.23.3-3m7xxx5sz7isjuhk4udj3ntzjprzd6id
[+] /opt/spack/opt/spack/linux-rocky9-sapphirerapids/gcc-14.1.0/openmpi-5.0.5-47d2xdchwmaucbm7xfocktoqczlhbdrh
==> Installing glow-1.5.1-ucocdpzs4rmhgi2m7h7fkvnh2rbkwhmr [38/39]
==> No binary for glow-1.5.1-ucocdpzs4rmhgi2m7h7fkvnh2rbkwhmr found: installing from source
==> Fetching https://mirror.spack.io/_source-cache/archive/b4/b4ecf269b7c6447e19591b1d23f398ef2b38a6a75be68458390b42d3efc44b92.tar.gz
==> No patches needed for glow
==> glow: Executing phase: 'build'
==> glow: Executing phase: 'install'
==> glow: Successfully installed glow-1.5.1-ucocdpzs4rmhgi2m7h7fkvnh2rbkwhmr
  Stage: 0.21s.  Build: 7.19s.  Install: 0.05s.  Post-install: 1.25s.  Total: 8.77s
[+] /opt/spack/opt/spack/linux-rocky9-sapphirerapids/gcc-14.1.0/glow-1.5.1-ucocdpzs4rmhgi2m7h7fkvnh2rbkwhmr
[+] /opt/spack/opt/spack/linux-rocky9-sapphirerapids/gcc-14.1.0/fftw-3.3.10-6axc4lfrztna7aavd6vhjbbdxvbxnqvc
==> Updating view at /opt/spack/var/spack/environments/virtual_fugaku/.spack-env/view
+ return 0
+ spack gc -y
+ : this is a shell function from: /opt/spack/share/spack/setup-env.sh
+ : the real spack script is here: /opt/spack/bin/spack
+ _spack_shell_wrapper gc -y
+ for var in DYLD_LIBRARY_PATH DYLD_FALLBACK_LIBRARY_PATH
+ eval 'if [ -n "${DYLD_LIBRARY_PATH-}" ]; then export SPACK_DYLD_LIBRARY_PATH=${DYLD_LIBRARY_PATH}; fi'
++ '[' -n '' ']'
+ for var in DYLD_LIBRARY_PATH DYLD_FALLBACK_LIBRARY_PATH
+ eval 'if [ -n "${DYLD_FALLBACK_LIBRARY_PATH-}" ]; then export SPACK_DYLD_FALLBACK_LIBRARY_PATH=${DYLD_FALLBACK_LIBRARY_PATH}; fi'
++ '[' -n '' ']'
+ '[' -n '' ']'
+ _sp_flags=
+ '[' '!' -z x ']'
+ '[' gc '!=' gc ']'
+ '[' -n '' ']'
+ '[' '' '!=' '' ']'
+ _sp_subcommand=
+ '[' '!' -z x ']'
+ _sp_subcommand=gc
+ shift
+ case $_sp_subcommand in
+ command spack gc -y
==> Restricting garbage collection to environment 'virtual_fugaku'
==> Successfully uninstalled go@1.23.3%gcc@14.1.0 build_system=generic arch=linux-rocky9-sapphirerapids/3m7xxx5
==> Successfully uninstalled bash@5.2%gcc@14.1.0 build_system=autotools patches=094b4fd,155853b,1c48cec,2500a3f,2fb107c,325c268,3882772,3ef9246,45cc5e1,4641dd4,5138f48,6a090cd,6b4bd92,78b5230,831b5f2,8334b88,96ee1f5,9715344,af90550,b6fc252,c7705e0,d1e0566,ece0eb5,ef73905,f42f2fe,f95a817 arch=linux-rocky9-sapphirerapids/6sys6es
==> Successfully uninstalled go-bootstrap@1.20.6%gcc@14.1.0 build_system=generic arch=linux-rocky9-sapphirerapids/3p2rgg6
==> Successfully uninstalled grep@3.11%gcc@14.1.0~pcre build_system=autotools arch=linux-rocky9-sapphirerapids/7e67t6k
==> Successfully uninstalled sed@4.9%gcc@14.1.0 build_system=autotools arch=linux-rocky9-sapphirerapids/np2ztvf
==> Successfully uninstalled gmake@4.4.1%clang@18.1.8~guile build_system=generic arch=linux-rocky9-sapphirerapids/hoj3flg
+ return 0
+ spack clean --all
+ : this is a shell function from: /opt/spack/share/spack/setup-env.sh
+ : the real spack script is here: /opt/spack/bin/spack
+ _spack_shell_wrapper clean --all
+ for var in DYLD_LIBRARY_PATH DYLD_FALLBACK_LIBRARY_PATH
+ eval 'if [ -n "${DYLD_LIBRARY_PATH-}" ]; then export SPACK_DYLD_LIBRARY_PATH=${DYLD_LIBRARY_PATH}; fi'
++ '[' -n '' ']'
+ for var in DYLD_LIBRARY_PATH DYLD_FALLBACK_LIBRARY_PATH
+ eval 'if [ -n "${DYLD_FALLBACK_LIBRARY_PATH-}" ]; then export SPACK_DYLD_FALLBACK_LIBRARY_PATH=${DYLD_FALLBACK_LIBRARY_PATH}; fi'
++ '[' -n '' ']'
+ '[' -n '' ']'
+ _sp_flags=
+ '[' '!' -z x ']'
+ '[' clean '!=' clean ']'
+ '[' -n '' ']'
+ '[' '' '!=' '' ']'
+ _sp_subcommand=
+ '[' '!' -z x ']'
+ _sp_subcommand=clean
+ shift
+ case $_sp_subcommand in
+ command spack clean --all
==> Removing all temporary build stages
==> Removing cached downloads
==> Removing install failure marks
==> Removing cached information on repositories
==> Removing python cache files
+ return 0
INFO:    Fetching OCI image...
INFO:    Extracting OCI image...
INFO:    Inserting Singularity configuration...
INFO:    Copying /opt/spack to 
INFO:    Running post scriptlet
+ . /opt/spack/share/spack/setup-env.sh
++ '[' -n '' ']'
++ export _sp_initializing=true
++ _sp_initializing=true
+++ _spack_determine_shell
+++ '[' -f /proc/54051/exe ']'
++++ readlink /proc/54051/exe
+++ _sp_exe=/usr/bin/bash
+++ basename /usr/bin/bash
+++ tr -d 0123456789
++ _sp_shell=bash
++ alias 'spacktivate=spack env activate'
++ '[' bash = bash ']'
++ _sp_source_file=/opt/spack/share/spack/setup-env.sh
++ '[' bash = zsh ']'
++++ dirname /opt/spack/share/spack/setup-env.sh
+++ cd /opt/spack/share/spack
+++ pwd
++ _sp_share_dir=/opt/spack/share/spack
+++++ dirname /opt/spack/share/spack
++++ dirname /opt/spack/share
+++ cd /opt/spack
+++ pwd
++ _sp_prefix=/opt/spack
++ '[' -x /opt/spack/bin/spack ']'
++ export SPACK_ROOT=/opt/spack
++ SPACK_ROOT=/opt/spack
++ _spack_pathadd PATH /opt/spack/bin
++ _pa_varname=PATH
++ _pa_new_path=PATH
++ '[' -n /opt/spack/bin ']'
++ _pa_varname=PATH
++ _pa_new_path=/opt/spack/bin
++ eval '_pa_oldvalue=${PATH:-}'
+++ _pa_oldvalue=/usr/local/sbin:/usr/local/bin:/usr/sbin:/usr/bin:/sbin:/bin
++ _pa_canonical=/usr/local/sbin:/usr/local/bin:/usr/sbin:/usr/bin:/sbin:/bin:
++ '[' -d /opt/spack/bin ']'
++ '[' /usr/local/sbin:/usr/local/bin:/usr/sbin:/usr/bin:/sbin:/bin: = /usr/local/sbin:/usr/local/bin:/usr/sbin:/usr/bin:/sbin:/bin: ']'
++ '[' -n /usr/local/sbin:/usr/local/bin:/usr/sbin:/usr/bin:/sbin:/bin ']'
++ eval 'export PATH="/opt/spack/bin:/usr/local/sbin:/usr/local/bin:/usr/sbin:/usr/bin:/sbin:/bin"'
+++ export PATH=/opt/spack/bin:/usr/local/sbin:/usr/local/bin:/usr/sbin:/usr/bin:/sbin:/bin
+++ PATH=/opt/spack/bin:/usr/local/sbin:/usr/local/bin:/usr/sbin:/usr/bin:/sbin:/bin
++ eval 'spack() {
    : this is a shell function from: /opt/spack/share/spack/setup-env.sh
    : the real spack script is here: /opt/spack/bin/spack
    _spack_shell_wrapper "$@"
    return $?
}'
++ '[' bash = bash ']'
++ export -f spack
++ export -f _spack_shell_wrapper
++ for cmd in "${SPACK_PYTHON:-}" python3 python python2
++ command -v ''
++ for cmd in "${SPACK_PYTHON:-}" python3 python python2
++ command -v python3
+++ command -v python3
++ export SPACK_PYTHON=/usr/bin/python3
++ SPACK_PYTHON=/usr/bin/python3
++ break
++ '[' -z '' ']'
++ need_module=no
++ _spack_fn_exists use
++ LANG=
++ type use
++ grep -q function
++ _spack_fn_exists module
++ LANG=
++ type module
++ grep -q function
++ need_module=yes
++ '[' yes = yes ']'
+++ spack --print-shell-vars sh,modules
+++ : this is a shell function from: /opt/spack/share/spack/setup-env.sh
+++ : the real spack script is here: /opt/spack/bin/spack
+++ _spack_shell_wrapper --print-shell-vars sh,modules
+++ for var in DYLD_LIBRARY_PATH DYLD_FALLBACK_LIBRARY_PATH
+++ eval 'if [ -n "${DYLD_LIBRARY_PATH-}" ]; then export SPACK_DYLD_LIBRARY_PATH=${DYLD_LIBRARY_PATH}; fi'
++++ '[' -n '' ']'
+++ for var in DYLD_LIBRARY_PATH DYLD_FALLBACK_LIBRARY_PATH
+++ eval 'if [ -n "${DYLD_FALLBACK_LIBRARY_PATH-}" ]; then export SPACK_DYLD_FALLBACK_LIBRARY_PATH=${DYLD_FALLBACK_LIBRARY_PATH}; fi'
++++ '[' -n '' ']'
+++ '[' -n '' ']'
+++ _sp_flags=
+++ '[' '!' -z x ']'
+++ '[' -print-shell-vars '!=' --print-shell-vars ']'
+++ _sp_flags=' --print-shell-vars'
+++ shift
+++ '[' '!' -z x ']'
+++ '[' sh,modules '!=' sh,modules ']'
+++ '[' -n ' --print-shell-vars' ']'
+++ '[' ell-vars '!=' ' --print-shell-vars' ']'
+++ command spack --print-shell-vars sh,modules
+++ return
+++ return 0
++ eval '_sp_sys_type='\''linux-rocky9-sapphirerapids'\''' '_sp_compatible_sys_types='\''linux-rocky9-sapphirerapids:linux-rocky9-icelake:linux-rocky9-cascadelake:linux-rocky9-cannonlake:linux-rocky9-skylake_avx512:linux-rocky9-skylake:linux-rocky9-x86_64_v4:linux-rocky9-broadwell:linux-rocky9-haswell:linux-rocky9-ivybridge:linux-rocky9-x86_64_v3:linux-rocky9-sandybridge:linux-rocky9-westmere:linux-rocky9-nehalem:linux-rocky9-core2:linux-rocky9-x86_64_v2:linux-rocky9-nocona:linux-rocky9-x86_64'\''' '_sp_tcl_roots='\''/opt/spack/share/spack/modules'\''' '_sp_lmod_roots='\''/opt/spack/share/spack/lmod'\''' '_sp_module_prefix='\''not_installed'\'''
+++ _sp_sys_type=linux-rocky9-sapphirerapids
+++ _sp_compatible_sys_types=linux-rocky9-sapphirerapids:linux-rocky9-icelake:linux-rocky9-cascadelake:linux-rocky9-cannonlake:linux-rocky9-skylake_avx512:linux-rocky9-skylake:linux-rocky9-x86_64_v4:linux-rocky9-broadwell:linux-rocky9-haswell:linux-rocky9-ivybridge:linux-rocky9-x86_64_v3:linux-rocky9-sandybridge:linux-rocky9-westmere:linux-rocky9-nehalem:linux-rocky9-core2:linux-rocky9-x86_64_v2:linux-rocky9-nocona:linux-rocky9-x86_64
+++ _sp_tcl_roots=/opt/spack/share/spack/modules
+++ _sp_lmod_roots=/opt/spack/share/spack/lmod
+++ _sp_module_prefix=not_installed
++ '[' not_installed '!=' not_installed ']'
++ _sp_multi_pathadd MODULEPATH /opt/spack/share/spack/modules
++ local IFS=:
++ '[' bash = zsh ']'
++ for pth in $2
++ for systype in ${_sp_compatible_sys_types}
++ _spack_pathadd MODULEPATH /opt/spack/share/spack/modules/linux-rocky9-sapphirerapids
++ _pa_varname=PATH
++ _pa_new_path=MODULEPATH
++ '[' -n /opt/spack/share/spack/modules/linux-rocky9-sapphirerapids ']'
++ _pa_varname=MODULEPATH
++ _pa_new_path=/opt/spack/share/spack/modules/linux-rocky9-sapphirerapids
++ eval '_pa_oldvalue=${MODULEPATH:-}'
+++ _pa_oldvalue=
++ _pa_canonical=:
++ '[' -d /opt/spack/share/spack/modules/linux-rocky9-sapphirerapids ']'
++ for systype in ${_sp_compatible_sys_types}
++ _spack_pathadd MODULEPATH /opt/spack/share/spack/modules/linux-rocky9-icelake
++ _pa_varname=PATH
++ _pa_new_path=MODULEPATH
++ '[' -n /opt/spack/share/spack/modules/linux-rocky9-icelake ']'
++ _pa_varname=MODULEPATH
++ _pa_new_path=/opt/spack/share/spack/modules/linux-rocky9-icelake
++ eval '_pa_oldvalue=${MODULEPATH:-}'
+++ _pa_oldvalue=
++ _pa_canonical=:
++ '[' -d /opt/spack/share/spack/modules/linux-rocky9-icelake ']'
++ for systype in ${_sp_compatible_sys_types}
++ _spack_pathadd MODULEPATH /opt/spack/share/spack/modules/linux-rocky9-cascadelake
++ _pa_varname=PATH
++ _pa_new_path=MODULEPATH
++ '[' -n /opt/spack/share/spack/modules/linux-rocky9-cascadelake ']'
++ _pa_varname=MODULEPATH
++ _pa_new_path=/opt/spack/share/spack/modules/linux-rocky9-cascadelake
++ eval '_pa_oldvalue=${MODULEPATH:-}'
+++ _pa_oldvalue=
++ _pa_canonical=:
++ '[' -d /opt/spack/share/spack/modules/linux-rocky9-cascadelake ']'
++ for systype in ${_sp_compatible_sys_types}
++ _spack_pathadd MODULEPATH /opt/spack/share/spack/modules/linux-rocky9-cannonlake
++ _pa_varname=PATH
++ _pa_new_path=MODULEPATH
++ '[' -n /opt/spack/share/spack/modules/linux-rocky9-cannonlake ']'
++ _pa_varname=MODULEPATH
++ _pa_new_path=/opt/spack/share/spack/modules/linux-rocky9-cannonlake
++ eval '_pa_oldvalue=${MODULEPATH:-}'
+++ _pa_oldvalue=
++ _pa_canonical=:
++ '[' -d /opt/spack/share/spack/modules/linux-rocky9-cannonlake ']'
++ for systype in ${_sp_compatible_sys_types}
++ _spack_pathadd MODULEPATH /opt/spack/share/spack/modules/linux-rocky9-skylake_avx512
++ _pa_varname=PATH
++ _pa_new_path=MODULEPATH
++ '[' -n /opt/spack/share/spack/modules/linux-rocky9-skylake_avx512 ']'
++ _pa_varname=MODULEPATH
++ _pa_new_path=/opt/spack/share/spack/modules/linux-rocky9-skylake_avx512
++ eval '_pa_oldvalue=${MODULEPATH:-}'
+++ _pa_oldvalue=
++ _pa_canonical=:
++ '[' -d /opt/spack/share/spack/modules/linux-rocky9-skylake_avx512 ']'
++ for systype in ${_sp_compatible_sys_types}
++ _spack_pathadd MODULEPATH /opt/spack/share/spack/modules/linux-rocky9-skylake
++ _pa_varname=PATH
++ _pa_new_path=MODULEPATH
++ '[' -n /opt/spack/share/spack/modules/linux-rocky9-skylake ']'
++ _pa_varname=MODULEPATH
++ _pa_new_path=/opt/spack/share/spack/modules/linux-rocky9-skylake
++ eval '_pa_oldvalue=${MODULEPATH:-}'
+++ _pa_oldvalue=
++ _pa_canonical=:
++ '[' -d /opt/spack/share/spack/modules/linux-rocky9-skylake ']'
++ for systype in ${_sp_compatible_sys_types}
++ _spack_pathadd MODULEPATH /opt/spack/share/spack/modules/linux-rocky9-x86_64_v4
++ _pa_varname=PATH
++ _pa_new_path=MODULEPATH
++ '[' -n /opt/spack/share/spack/modules/linux-rocky9-x86_64_v4 ']'
++ _pa_varname=MODULEPATH
++ _pa_new_path=/opt/spack/share/spack/modules/linux-rocky9-x86_64_v4
++ eval '_pa_oldvalue=${MODULEPATH:-}'
+++ _pa_oldvalue=
++ _pa_canonical=:
++ '[' -d /opt/spack/share/spack/modules/linux-rocky9-x86_64_v4 ']'
++ for systype in ${_sp_compatible_sys_types}
++ _spack_pathadd MODULEPATH /opt/spack/share/spack/modules/linux-rocky9-broadwell
++ _pa_varname=PATH
++ _pa_new_path=MODULEPATH
++ '[' -n /opt/spack/share/spack/modules/linux-rocky9-broadwell ']'
++ _pa_varname=MODULEPATH
++ _pa_new_path=/opt/spack/share/spack/modules/linux-rocky9-broadwell
++ eval '_pa_oldvalue=${MODULEPATH:-}'
+++ _pa_oldvalue=
++ _pa_canonical=:
++ '[' -d /opt/spack/share/spack/modules/linux-rocky9-broadwell ']'
++ for systype in ${_sp_compatible_sys_types}
++ _spack_pathadd MODULEPATH /opt/spack/share/spack/modules/linux-rocky9-haswell
++ _pa_varname=PATH
++ _pa_new_path=MODULEPATH
++ '[' -n /opt/spack/share/spack/modules/linux-rocky9-haswell ']'
++ _pa_varname=MODULEPATH
++ _pa_new_path=/opt/spack/share/spack/modules/linux-rocky9-haswell
++ eval '_pa_oldvalue=${MODULEPATH:-}'
+++ _pa_oldvalue=
++ _pa_canonical=:
++ '[' -d /opt/spack/share/spack/modules/linux-rocky9-haswell ']'
++ for systype in ${_sp_compatible_sys_types}
++ _spack_pathadd MODULEPATH /opt/spack/share/spack/modules/linux-rocky9-ivybridge
++ _pa_varname=PATH
++ _pa_new_path=MODULEPATH
++ '[' -n /opt/spack/share/spack/modules/linux-rocky9-ivybridge ']'
++ _pa_varname=MODULEPATH
++ _pa_new_path=/opt/spack/share/spack/modules/linux-rocky9-ivybridge
++ eval '_pa_oldvalue=${MODULEPATH:-}'
+++ _pa_oldvalue=
++ _pa_canonical=:
++ '[' -d /opt/spack/share/spack/modules/linux-rocky9-ivybridge ']'
++ for systype in ${_sp_compatible_sys_types}
++ _spack_pathadd MODULEPATH /opt/spack/share/spack/modules/linux-rocky9-x86_64_v3
++ _pa_varname=PATH
++ _pa_new_path=MODULEPATH
++ '[' -n /opt/spack/share/spack/modules/linux-rocky9-x86_64_v3 ']'
++ _pa_varname=MODULEPATH
++ _pa_new_path=/opt/spack/share/spack/modules/linux-rocky9-x86_64_v3
++ eval '_pa_oldvalue=${MODULEPATH:-}'
+++ _pa_oldvalue=
++ _pa_canonical=:
++ '[' -d /opt/spack/share/spack/modules/linux-rocky9-x86_64_v3 ']'
++ for systype in ${_sp_compatible_sys_types}
++ _spack_pathadd MODULEPATH /opt/spack/share/spack/modules/linux-rocky9-sandybridge
++ _pa_varname=PATH
++ _pa_new_path=MODULEPATH
++ '[' -n /opt/spack/share/spack/modules/linux-rocky9-sandybridge ']'
++ _pa_varname=MODULEPATH
++ _pa_new_path=/opt/spack/share/spack/modules/linux-rocky9-sandybridge
++ eval '_pa_oldvalue=${MODULEPATH:-}'
+++ _pa_oldvalue=
++ _pa_canonical=:
++ '[' -d /opt/spack/share/spack/modules/linux-rocky9-sandybridge ']'
++ for systype in ${_sp_compatible_sys_types}
++ _spack_pathadd MODULEPATH /opt/spack/share/spack/modules/linux-rocky9-westmere
++ _pa_varname=PATH
++ _pa_new_path=MODULEPATH
++ '[' -n /opt/spack/share/spack/modules/linux-rocky9-westmere ']'
++ _pa_varname=MODULEPATH
++ _pa_new_path=/opt/spack/share/spack/modules/linux-rocky9-westmere
++ eval '_pa_oldvalue=${MODULEPATH:-}'
+++ _pa_oldvalue=
++ _pa_canonical=:
++ '[' -d /opt/spack/share/spack/modules/linux-rocky9-westmere ']'
++ for systype in ${_sp_compatible_sys_types}
++ _spack_pathadd MODULEPATH /opt/spack/share/spack/modules/linux-rocky9-nehalem
++ _pa_varname=PATH
++ _pa_new_path=MODULEPATH
++ '[' -n /opt/spack/share/spack/modules/linux-rocky9-nehalem ']'
++ _pa_varname=MODULEPATH
++ _pa_new_path=/opt/spack/share/spack/modules/linux-rocky9-nehalem
++ eval '_pa_oldvalue=${MODULEPATH:-}'
+++ _pa_oldvalue=
++ _pa_canonical=:
++ '[' -d /opt/spack/share/spack/modules/linux-rocky9-nehalem ']'
++ for systype in ${_sp_compatible_sys_types}
++ _spack_pathadd MODULEPATH /opt/spack/share/spack/modules/linux-rocky9-core2
++ _pa_varname=PATH
++ _pa_new_path=MODULEPATH
++ '[' -n /opt/spack/share/spack/modules/linux-rocky9-core2 ']'
++ _pa_varname=MODULEPATH
++ _pa_new_path=/opt/spack/share/spack/modules/linux-rocky9-core2
++ eval '_pa_oldvalue=${MODULEPATH:-}'
+++ _pa_oldvalue=
++ _pa_canonical=:
++ '[' -d /opt/spack/share/spack/modules/linux-rocky9-core2 ']'
++ for systype in ${_sp_compatible_sys_types}
++ _spack_pathadd MODULEPATH /opt/spack/share/spack/modules/linux-rocky9-x86_64_v2
++ _pa_varname=PATH
++ _pa_new_path=MODULEPATH
++ '[' -n /opt/spack/share/spack/modules/linux-rocky9-x86_64_v2 ']'
++ _pa_varname=MODULEPATH
++ _pa_new_path=/opt/spack/share/spack/modules/linux-rocky9-x86_64_v2
++ eval '_pa_oldvalue=${MODULEPATH:-}'
+++ _pa_oldvalue=
++ _pa_canonical=:
++ '[' -d /opt/spack/share/spack/modules/linux-rocky9-x86_64_v2 ']'
++ for systype in ${_sp_compatible_sys_types}
++ _spack_pathadd MODULEPATH /opt/spack/share/spack/modules/linux-rocky9-nocona
++ _pa_varname=PATH
++ _pa_new_path=MODULEPATH
++ '[' -n /opt/spack/share/spack/modules/linux-rocky9-nocona ']'
++ _pa_varname=MODULEPATH
++ _pa_new_path=/opt/spack/share/spack/modules/linux-rocky9-nocona
++ eval '_pa_oldvalue=${MODULEPATH:-}'
+++ _pa_oldvalue=
++ _pa_canonical=:
++ '[' -d /opt/spack/share/spack/modules/linux-rocky9-nocona ']'
++ for systype in ${_sp_compatible_sys_types}
++ _spack_pathadd MODULEPATH /opt/spack/share/spack/modules/linux-rocky9-x86_64
++ _pa_varname=PATH
++ _pa_new_path=MODULEPATH
++ '[' -n /opt/spack/share/spack/modules/linux-rocky9-x86_64 ']'
++ _pa_varname=MODULEPATH
++ _pa_new_path=/opt/spack/share/spack/modules/linux-rocky9-x86_64
++ eval '_pa_oldvalue=${MODULEPATH:-}'
+++ _pa_oldvalue=
++ _pa_canonical=:
++ '[' -d /opt/spack/share/spack/modules/linux-rocky9-x86_64 ']'
++ test bash = bash
++ source /opt/spack/share/spack/spack-completion.bash
+++ test -n ''
+++ complete -o bashdefault -o default -F _bash_completion_spack spack
+++ complete -o bashdefault -o default -F _bash_completion_spack spacktivate
+++ SPACK_ALIASES='concretise:concretize;containerise:containerize;rm:remove'
++ unset _sp_initializing
++ export _sp_initializing
+ spack env activate --sh virtual_fugaku
+ : this is a shell function from: /opt/spack/share/spack/setup-env.sh
+ : the real spack script is here: /opt/spack/bin/spack
+ _spack_shell_wrapper env activate --sh virtual_fugaku
+ for var in DYLD_LIBRARY_PATH DYLD_FALLBACK_LIBRARY_PATH
+ eval 'if [ -n "${DYLD_LIBRARY_PATH-}" ]; then export SPACK_DYLD_LIBRARY_PATH=${DYLD_LIBRARY_PATH}; fi'
++ '[' -n '' ']'
+ for var in DYLD_LIBRARY_PATH DYLD_FALLBACK_LIBRARY_PATH
+ eval 'if [ -n "${DYLD_FALLBACK_LIBRARY_PATH-}" ]; then export SPACK_DYLD_FALLBACK_LIBRARY_PATH=${DYLD_FALLBACK_LIBRARY_PATH}; fi'
++ '[' -n '' ']'
+ '[' -n '' ']'
+ _sp_flags=
+ '[' '!' -z x ']'
+ '[' env '!=' env ']'
+ '[' -n '' ']'
+ '[' '' '!=' '' ']'
+ _sp_subcommand=
+ '[' '!' -z x ']'
+ _sp_subcommand=env
+ shift
+ case $_sp_subcommand in
+ _sp_arg=
+ '[' -n activate ']'
+ _sp_arg=activate
+ shift
+ '[' activate = -h ']'
+ '[' activate = --help ']'
+ case $_sp_arg in
+ _a=' --sh virtual_fugaku'
+ '[' ' virtual_fugaku' '!=' ' --sh virtual_fugaku' ']'
+ command spack env activate --sh virtual_fugaku
+ return
+ return 0
INFO:    Adding runscript
INFO:    Creating SIF file...
INFO:    Build complete: glow.sif
